<?xml version="1.0" encoding="UTF-8"?>
<!-- Generated by org.testng.reporters.JUnitXMLReporter -->
<testsuite ignored="0" hostname="LAPTOP-1CLD85NQ" failures="4" tests="4" name="Surefire test" time="6.338" errors="0" timestamp="2021-08-06T19:50:49 BRT">
  <testcase classname="io.cucumber.testng.AbstractTestNGCucumberTests" name="runScenario" time="3.197">
    <failure type="java.lang.NullPointerException" message="Cannot invoke &amp;quot;Object.getClass()&amp;quot; because &amp;quot;original&amp;quot; is null">
      <![CDATA[java.lang.NullPointerException: Cannot invoke "Object.getClass()" because "original" is null
at java.base/java.util.Arrays.copyOf(Arrays.java:3480)
at nasa.api.steps.RestSteps.getPhotosByDate(RestSteps.java:47)
at ✽.I request the 10 first photos made by "curiosity" on "1000"(file:///C:/Users/yuggo/IdeaProjects/allure-cucumber5-testng/src/test/resources/features/nasa-api.feature:4)
]]>
    </failure>
  </testcase> <!-- runScenario -->
  <testcase classname="io.cucumber.testng.AbstractTestNGCucumberTests" name="runScenario" time="0.906">
    <failure type="java.lang.NullPointerException" message="Cannot invoke &amp;quot;Object.getClass()&amp;quot; because &amp;quot;original&amp;quot; is null">
      <![CDATA[java.lang.NullPointerException: Cannot invoke "Object.getClass()" because "original" is null
at java.base/java.util.Arrays.copyOf(Arrays.java:3480)
at nasa.api.steps.RestSteps.getPhotosByDate(RestSteps.java:47)
at ✽.I request the 10 first photos made by "curiosity" on "2015-05-30"(file:///C:/Users/yuggo/IdeaProjects/allure-cucumber5-testng/src/test/resources/features/nasa-api.feature:4)
]]>
    </failure>
  </testcase> <!-- runScenario -->
  <testcase classname="io.cucumber.testng.AbstractTestNGCucumberTests" name="runScenario" time="0.937">
    <failure type="java.lang.NullPointerException" message="Cannot invoke &amp;quot;Object.getClass()&amp;quot; because &amp;quot;original&amp;quot; is null">
      <![CDATA[java.lang.NullPointerException: Cannot invoke "Object.getClass()" because "original" is null
at java.base/java.util.Arrays.copyOf(Arrays.java:3480)
at nasa.api.steps.RestSteps.getPhotosByDate(RestSteps.java:47)
at ✽.I request the 10 first photos made by "curiosity" on "1000"(file:///C:/Users/yuggo/IdeaProjects/allure-cucumber5-testng/src/test/resources/features/nasa-api.feature:12)
]]>
    </failure>
  </testcase> <!-- runScenario -->
  <testcase classname="io.cucumber.testng.AbstractTestNGCucumberTests" name="runScenario" time="0.967">
    <failure type="java.lang.NullPointerException" message="Cannot read the array length because &amp;quot;array&amp;quot; is null">
      <![CDATA[java.lang.NullPointerException: Cannot read the array length because "array" is null
at java.base/java.util.Arrays.stream(Arrays.java:5427)
at nasa.api.steps.RestSteps.cameraFiredLessThan10times(RestSteps.java:79)
at ✽.No camera fired more than 10 times than the others(file:///C:/Users/yuggo/IdeaProjects/allure-cucumber5-testng/src/test/resources/features/nasa-api.feature:18)
]]>
    </failure>
  </testcase> <!-- runScenario -->
</testsuite> <!-- Surefire test -->
