<?xml version="1.0" encoding="UTF-8"?>
<testsuite xmlns:xsi="http://www.w3.org/2001/XMLSchema-instance" xsi:noNamespaceSchemaLocation="https://maven.apache.org/surefire/maven-surefire-plugin/xsd/surefire-test-report.xsd" name="nasa.api.steps.CucumberTest" time="6.623" tests="4" errors="0" skipped="0" failures="4">
  <properties>
[...]
</properties>
  <testcase name="runScenario" classname="nasa.api.steps.CucumberTest" time="3.236">
    <failure message="Cannot invoke &quot;Object.getClass()&quot; because &quot;original&quot; is null" type="java.lang.NullPointerException">java.lang.NullPointerException: Cannot invoke "Object.getClass()" because "original" is null
</failure>
    <system-out><![CDATA[19:50:43.892 [main] DEBUG org.springframework.test.context.BootstrapUtils - Instantiating CacheAwareContextLoaderDelegate from class [org.springframework.test.context.cache.DefaultCacheAwareContextLoaderDelegate]
19:50:43.903 [main] DEBUG org.springframework.test.context.BootstrapUtils - Instantiating BootstrapContext using constructor [public org.springframework.test.context.support.DefaultBootstrapContext(java.lang.Class,org.springframework.test.context.CacheAwareContextLoaderDelegate)]
19:50:43.922 [main] DEBUG org.springframework.test.context.BootstrapUtils - Instantiating TestContextBootstrapper for test class [nasa.api.steps.CucumberTest] from class [org.springframework.test.context.support.DefaultTestContextBootstrapper]
19:50:43.941 [main] DEBUG org.springframework.test.context.support.AbstractDelegatingSmartContextLoader - Delegating to AnnotationConfigContextLoader to process context configuration [ContextConfigurationAttributes@2484f433 declaringClass = 'nasa.api.steps.CucumberTest', classes = '{class core.ScenarioContext, class taf.cucumber.spring.Config}', locations = '{}', inheritLocations = true, initializers = '{}', inheritInitializers = true, name = [null], contextLoaderClass = 'org.springframework.test.context.ContextLoader'].
19:50:43.978 [main] DEBUG org.springframework.test.context.support.ActiveProfilesUtils - Could not find an 'annotation declaring class' for annotation type [org.springframework.test.context.ActiveProfiles] and class [nasa.api.steps.CucumberTest]
19:50:43.978 [main] DEBUG org.springframework.test.context.support.DefaultTestContextBootstrapper - @TestExecutionListeners is not present for class [nasa.api.steps.CucumberTest]: using defaults.
19:50:43.979 [main] INFO org.springframework.test.context.support.DefaultTestContextBootstrapper - Loaded default TestExecutionListener class names from location [META-INF/spring.factories]: [org.springframework.boot.test.mock.mockito.MockitoTestExecutionListener, org.springframework.boot.test.mock.mockito.ResetMocksTestExecutionListener, org.springframework.boot.test.autoconfigure.restdocs.RestDocsTestExecutionListener, org.springframework.boot.test.autoconfigure.web.client.MockRestServiceServerResetTestExecutionListener, org.springframework.boot.test.autoconfigure.web.servlet.MockMvcPrintOnlyOnFailureTestExecutionListener, org.springframework.boot.test.autoconfigure.web.servlet.WebDriverTestExecutionListener, org.springframework.boot.test.autoconfigure.webservices.client.MockWebServiceServerTestExecutionListener, org.springframework.test.context.web.ServletTestExecutionListener, org.springframework.test.context.support.DirtiesContextBeforeModesTestExecutionListener, org.springframework.test.context.event.ApplicationEventsTestExecutionListener, org.springframework.test.context.support.DependencyInjectionTestExecutionListener, org.springframework.test.context.support.DirtiesContextTestExecutionListener, org.springframework.test.context.transaction.TransactionalTestExecutionListener, org.springframework.test.context.jdbc.SqlScriptsTestExecutionListener, org.springframework.test.context.event.EventPublishingTestExecutionListener]
19:50:43.985 [main] DEBUG org.springframework.test.context.support.DefaultTestContextBootstrapper - Skipping candidate TestExecutionListener [org.springframework.test.context.web.ServletTestExecutionListener] due to a missing dependency. Specify custom listener classes or make the default listener classes and their required dependencies available. Offending class: [javax/servlet/ServletContext]
19:50:43.986 [main] DEBUG org.springframework.test.context.support.DefaultTestContextBootstrapper - Skipping candidate TestExecutionListener [org.springframework.test.context.transaction.TransactionalTestExecutionListener] due to a missing dependency. Specify custom listener classes or make the default listener classes and their required dependencies available. Offending class: [org/springframework/transaction/interceptor/TransactionAttributeSource]
19:50:43.987 [main] DEBUG org.springframework.test.context.support.DefaultTestContextBootstrapper - Skipping candidate TestExecutionListener [org.springframework.test.context.jdbc.SqlScriptsTestExecutionListener] due to a missing dependency. Specify custom listener classes or make the default listener classes and their required dependencies available. Offending class: [org/springframework/transaction/interceptor/TransactionAttribute]
19:50:43.987 [main] INFO org.springframework.test.context.support.DefaultTestContextBootstrapper - Using TestExecutionListeners: [org.springframework.test.context.support.DirtiesContextBeforeModesTestExecutionListener@1095f122, org.springframework.test.context.event.ApplicationEventsTestExecutionListener@58c540cf, org.springframework.boot.test.mock.mockito.MockitoTestExecutionListener@3d6300e8, org.springframework.test.context.support.DependencyInjectionTestExecutionListener@1b822fcc, org.springframework.test.context.support.DirtiesContextTestExecutionListener@24a1c17f, org.springframework.test.context.event.EventPublishingTestExecutionListener@56102e1c, org.springframework.boot.test.mock.mockito.ResetMocksTestExecutionListener@73511076, org.springframework.boot.test.autoconfigure.restdocs.RestDocsTestExecutionListener@7927bd9f, org.springframework.boot.test.autoconfigure.web.client.MockRestServiceServerResetTestExecutionListener@532721fd, org.springframework.boot.test.autoconfigure.web.servlet.MockMvcPrintOnlyOnFailureTestExecutionListener@410954b, org.springframework.boot.test.autoconfigure.web.servlet.WebDriverTestExecutionListener@7fb9f71f, org.springframework.boot.test.autoconfigure.webservices.client.MockWebServiceServerTestExecutionListener@3b366632]
19:50:43.989 [main] DEBUG org.springframework.test.context.support.AbstractDelegatingSmartContextLoader - Delegating to AnnotationConfigContextLoader to load context from [MergedContextConfiguration@5f7f2382 testClass = CucumberTest, locations = '{}', classes = '{class core.ScenarioContext, class taf.cucumber.spring.Config}', contextInitializerClasses = '[]', activeProfiles = '{}', propertySourceLocations = '{}', propertySourceProperties = '{}', contextCustomizers = set[org.springframework.boot.test.context.filter.ExcludeFilterContextCustomizer@7997b197, org.springframework.boot.test.json.DuplicateJsonObjectContextCustomizerFactory$DuplicateJsonObjectContextCustomizer@55f3c410, org.springframework.boot.test.mock.mockito.MockitoContextCustomizer@0, org.springframework.boot.test.autoconfigure.actuate.metrics.MetricsExportContextCustomizerFactory$DisableMetricExportContextCustomizer@49f5c307, org.springframework.boot.test.autoconfigure.properties.PropertyMappingContextCustomizer@0, org.springframework.boot.test.autoconfigure.web.servlet.WebDriverContextCustomizerFactory$Customizer@64712be], contextLoader = 'org.springframework.test.context.support.DelegatingSmartContextLoader', parent = [null]].
19:50:43.989 [main] DEBUG org.springframework.test.context.support.AbstractGenericContextLoader - Loading ApplicationContext for merged context configuration [[MergedContextConfiguration@5f7f2382 testClass = CucumberTest, locations = '{}', classes = '{class core.ScenarioContext, class taf.cucumber.spring.Config}', contextInitializerClasses = '[]', activeProfiles = '{}', propertySourceLocations = '{}', propertySourceProperties = '{}', contextCustomizers = set[org.springframework.boot.test.context.filter.ExcludeFilterContextCustomizer@7997b197, org.springframework.boot.test.json.DuplicateJsonObjectContextCustomizerFactory$DuplicateJsonObjectContextCustomizer@55f3c410, org.springframework.boot.test.mock.mockito.MockitoContextCustomizer@0, org.springframework.boot.test.autoconfigure.actuate.metrics.MetricsExportContextCustomizerFactory$DisableMetricExportContextCustomizer@49f5c307, org.springframework.boot.test.autoconfigure.properties.PropertyMappingContextCustomizer@0, org.springframework.boot.test.autoconfigure.web.servlet.WebDriverContextCustomizerFactory$Customizer@64712be], contextLoader = 'org.springframework.test.context.support.DelegatingSmartContextLoader', parent = [null]]].
19:50:44.017 [main] DEBUG org.springframework.core.env.StandardEnvironment - Activating profiles []
19:50:44.017 [main] DEBUG org.springframework.test.context.support.AnnotationConfigContextLoader - Registering component classes: {class core.ScenarioContext, class taf.cucumber.spring.Config}
19:50:44.047 [main] DEBUG org.springframework.context.support.GenericApplicationContext - Refreshing org.springframework.context.support.GenericApplicationContext@22c01ab0
19:50:44.057 [main] DEBUG org.springframework.beans.factory.support.DefaultListableBeanFactory - Creating shared instance of singleton bean 'org.springframework.context.annotation.internalConfigurationAnnotationProcessor'
19:50:44.088 [main] DEBUG org.springframework.core.env.PropertySourcesPropertyResolver - Found key 'env' in PropertySource 'configurationProperties' with value of type String
19:50:44.116 [main] DEBUG org.springframework.context.annotation.ClassPathBeanDefinitionScanner - Identified candidate component class: file [C:\Users\yuggo\IdeaProjects\allure-cucumber5-testng\target\classes\taf\cucumber\spring\SpringTestApp.class]
19:50:44.397 [main] DEBUG org.springframework.beans.factory.support.DefaultListableBeanFactory - Creating shared instance of singleton bean 'propertySourcesPlaceholderConfigurer'
19:50:44.402 [main] DEBUG org.springframework.beans.factory.support.DefaultListableBeanFactory - Creating shared instance of singleton bean 'org.springframework.boot.test.mock.mockito.MockitoPostProcessor'
19:50:44.409 [main] DEBUG org.springframework.beans.factory.support.DefaultListableBeanFactory - Creating shared instance of singleton bean 'org.springframework.boot.sql.init.dependency.DatabaseInitializationDependencyConfigurer$DependsOnDatabaseInitializationPostProcessor'
19:50:44.420 [main] DEBUG org.springframework.beans.factory.support.DefaultListableBeanFactory - Creating shared instance of singleton bean 'org.springframework.context.event.internalEventListenerProcessor'
19:50:44.421 [main] DEBUG org.springframework.beans.factory.support.DefaultListableBeanFactory - Creating shared instance of singleton bean 'org.springframework.context.event.internalEventListenerFactory'
19:50:44.423 [main] DEBUG org.springframework.beans.factory.support.DefaultListableBeanFactory - Creating shared instance of singleton bean 'org.springframework.context.annotation.internalAutowiredAnnotationProcessor'
19:50:44.424 [main] DEBUG org.springframework.beans.factory.support.DefaultListableBeanFactory - Creating shared instance of singleton bean 'org.springframework.context.annotation.internalCommonAnnotationProcessor'
19:50:44.427 [main] DEBUG org.springframework.beans.factory.support.DefaultListableBeanFactory - Creating shared instance of singleton bean 'org.springframework.boot.test.mock.mockito.MockitoPostProcessor$SpyPostProcessor'
19:50:44.427 [main] DEBUG org.springframework.beans.factory.support.DefaultListableBeanFactory - Creating shared instance of singleton bean 'org.springframework.boot.context.properties.ConfigurationPropertiesBindingPostProcessor'
19:50:44.428 [main] DEBUG org.springframework.beans.factory.support.DefaultListableBeanFactory - Creating shared instance of singleton bean 'org.springframework.boot.context.internalConfigurationPropertiesBinder'
19:50:44.428 [main] DEBUG org.springframework.beans.factory.support.DefaultListableBeanFactory - Creating shared instance of singleton bean 'org.springframework.boot.context.internalConfigurationPropertiesBinderFactory'
19:50:44.429 [main] DEBUG org.springframework.beans.factory.support.DefaultListableBeanFactory - Creating shared instance of singleton bean 'org.springframework.aop.config.internalAutoProxyCreator'
19:50:44.466 [main] DEBUG org.springframework.beans.factory.support.DefaultListableBeanFactory - Creating shared instance of singleton bean 'scenarioContext'
19:50:44.471 [main] DEBUG org.springframework.beans.factory.support.DefaultListableBeanFactory - Creating shared instance of singleton bean 'config'
19:50:44.472 [main] DEBUG org.springframework.beans.factory.support.DefaultListableBeanFactory - Creating shared instance of singleton bean 'springTestApp'
19:50:44.475 [main] DEBUG org.springframework.beans.factory.support.DefaultListableBeanFactory - Creating shared instance of singleton bean 'org.springframework.boot.autoconfigure.AutoConfigurationPackages'
19:50:44.476 [main] DEBUG org.springframework.beans.factory.support.DefaultListableBeanFactory - Creating shared instance of singleton bean 'org.springframework.boot.autoconfigure.context.PropertyPlaceholderAutoConfiguration'
19:50:44.477 [main] DEBUG org.springframework.beans.factory.support.DefaultListableBeanFactory - Creating shared instance of singleton bean 'org.springframework.boot.autoconfigure.aop.AopAutoConfiguration$AspectJAutoProxyingConfiguration$CglibAutoProxyConfiguration'
19:50:44.478 [main] DEBUG org.springframework.beans.factory.support.DefaultListableBeanFactory - Creating shared instance of singleton bean 'org.springframework.boot.autoconfigure.aop.AopAutoConfiguration$AspectJAutoProxyingConfiguration'
19:50:44.479 [main] DEBUG org.springframework.beans.factory.support.DefaultListableBeanFactory - Creating shared instance of singleton bean 'org.springframework.boot.autoconfigure.aop.AopAutoConfiguration'
19:50:44.480 [main] DEBUG org.springframework.beans.factory.support.DefaultListableBeanFactory - Creating shared instance of singleton bean 'org.springframework.boot.autoconfigure.availability.ApplicationAvailabilityAutoConfiguration'
19:50:44.484 [main] DEBUG org.springframework.beans.factory.support.DefaultListableBeanFactory - Creating shared instance of singleton bean 'applicationAvailability'
19:50:44.490 [main] DEBUG org.springframework.beans.factory.support.DefaultListableBeanFactory - Creating shared instance of singleton bean 'org.springframework.boot.autoconfigure.jackson.JacksonAutoConfiguration'
19:50:44.491 [main] DEBUG org.springframework.beans.factory.support.DefaultListableBeanFactory - Creating shared instance of singleton bean 'jsonComponentModule'
19:50:44.500 [main] DEBUG org.springframework.beans.factory.support.DefaultListableBeanFactory - Creating shared instance of singleton bean 'org.springframework.boot.autoconfigure.context.ConfigurationPropertiesAutoConfiguration'
19:50:44.501 [main] DEBUG org.springframework.beans.factory.support.DefaultListableBeanFactory - Creating shared instance of singleton bean 'org.springframework.boot.context.properties.BoundConfigurationProperties'
19:50:44.502 [main] DEBUG org.springframework.beans.factory.support.DefaultListableBeanFactory - Creating shared instance of singleton bean 'org.springframework.boot.context.properties.EnableConfigurationPropertiesRegistrar.methodValidationExcludeFilter'
19:50:44.504 [main] DEBUG org.springframework.beans.factory.support.DefaultListableBeanFactory - Creating shared instance of singleton bean 'org.springframework.boot.autoconfigure.context.LifecycleAutoConfiguration'
19:50:44.505 [main] DEBUG org.springframework.beans.factory.support.DefaultListableBeanFactory - Creating shared instance of singleton bean 'lifecycleProcessor'
19:50:44.506 [main] DEBUG org.springframework.beans.factory.support.DefaultListableBeanFactory - Creating shared instance of singleton bean 'spring.lifecycle-org.springframework.boot.autoconfigure.context.LifecycleProperties'
19:50:44.517 [main] DEBUG org.springframework.beans.factory.support.DefaultListableBeanFactory - Autowiring by type from bean name 'lifecycleProcessor' via factory method to bean named 'spring.lifecycle-org.springframework.boot.autoconfigure.context.LifecycleProperties'
19:50:44.520 [main] DEBUG org.springframework.beans.factory.support.DefaultListableBeanFactory - Creating shared instance of singleton bean 'org.springframework.boot.autoconfigure.info.ProjectInfoAutoConfiguration'
19:50:44.522 [main] DEBUG org.springframework.beans.factory.support.DefaultListableBeanFactory - Creating shared instance of singleton bean 'spring.info-org.springframework.boot.autoconfigure.info.ProjectInfoProperties'
19:50:44.524 [main] DEBUG org.springframework.beans.factory.support.DefaultListableBeanFactory - Autowiring by type from bean name 'org.springframework.boot.autoconfigure.info.ProjectInfoAutoConfiguration' via constructor to bean named 'spring.info-org.springframework.boot.autoconfigure.info.ProjectInfoProperties'
19:50:44.525 [main] DEBUG org.springframework.beans.factory.support.DefaultListableBeanFactory - Creating shared instance of singleton bean 'org.springframework.boot.autoconfigure.sql.init.SqlInitializationAutoConfiguration'
19:50:44.526 [main] DEBUG org.springframework.beans.factory.support.DefaultListableBeanFactory - Creating shared instance of singleton bean 'spring.sql.init-org.springframework.boot.autoconfigure.sql.init.SqlInitializationProperties'
19:50:44.530 [main] DEBUG org.springframework.beans.factory.support.DefaultListableBeanFactory - Creating shared instance of singleton bean 'org.springframework.boot.autoconfigure.task.TaskExecutionAutoConfiguration'
19:50:44.533 [main] DEBUG org.springframework.beans.factory.support.DefaultListableBeanFactory - Creating shared instance of singleton bean 'taskExecutorBuilder'
19:50:44.533 [main] DEBUG org.springframework.beans.factory.support.DefaultListableBeanFactory - Creating shared instance of singleton bean 'spring.task.execution-org.springframework.boot.autoconfigure.task.TaskExecutionProperties'
19:50:44.537 [main] DEBUG org.springframework.beans.factory.support.DefaultListableBeanFactory - Autowiring by type from bean name 'taskExecutorBuilder' via factory method to bean named 'spring.task.execution-org.springframework.boot.autoconfigure.task.TaskExecutionProperties'
19:50:44.546 [main] DEBUG org.springframework.beans.factory.support.DefaultListableBeanFactory - Creating shared instance of singleton bean 'org.springframework.boot.autoconfigure.task.TaskSchedulingAutoConfiguration'
19:50:44.549 [main] DEBUG org.springframework.beans.factory.support.DefaultListableBeanFactory - Creating shared instance of singleton bean 'scheduledBeanLazyInitializationExcludeFilter'
19:50:44.551 [main] DEBUG org.springframework.beans.factory.support.DefaultListableBeanFactory - Creating shared instance of singleton bean 'taskSchedulerBuilder'
19:50:44.552 [main] DEBUG org.springframework.beans.factory.support.DefaultListableBeanFactory - Creating shared instance of singleton bean 'spring.task.scheduling-org.springframework.boot.autoconfigure.task.TaskSchedulingProperties'
19:50:44.555 [main] DEBUG org.springframework.beans.factory.support.DefaultListableBeanFactory - Autowiring by type from bean name 'taskSchedulerBuilder' via factory method to bean named 'spring.task.scheduling-org.springframework.boot.autoconfigure.task.TaskSchedulingProperties'
19:50:44.564 [main] DEBUG org.springframework.test.context.cache.DefaultCacheAwareContextLoaderDelegate - Storing ApplicationContext [583015088] in cache under key [[MergedContextConfiguration@5f7f2382 testClass = CucumberTest, locations = '{}', classes = '{class core.ScenarioContext, class taf.cucumber.spring.Config}', contextInitializerClasses = '[]', activeProfiles = '{}', propertySourceLocations = '{}', propertySourceProperties = '{}', contextCustomizers = set[org.springframework.boot.test.context.filter.ExcludeFilterContextCustomizer@7997b197, org.springframework.boot.test.json.DuplicateJsonObjectContextCustomizerFactory$DuplicateJsonObjectContextCustomizer@55f3c410, org.springframework.boot.test.mock.mockito.MockitoContextCustomizer@0, org.springframework.boot.test.autoconfigure.actuate.metrics.MetricsExportContextCustomizerFactory$DisableMetricExportContextCustomizer@49f5c307, org.springframework.boot.test.autoconfigure.properties.PropertyMappingContextCustomizer@0, org.springframework.boot.test.autoconfigure.web.servlet.WebDriverContextCustomizerFactory$Customizer@64712be], contextLoader = 'org.springframework.test.context.support.DelegatingSmartContextLoader', parent = [null]]]
19:50:44.564 [main] DEBUG org.springframework.test.context.cache - Spring test ApplicationContext cache statistics: [DefaultContextCache@3062f9f4 size = 1, maxSize = 32, parentContextCount = 0, hitCount = 0, missCount = 1]
19:50:44.566 [main] DEBUG org.springframework.test.context.support.AbstractDirtiesContextTestExecutionListener - Before test class: context [DefaultTestContext@78c1372d testClass = CucumberTest, testInstance = [null], testMethod = [null], testException = [null], mergedContextConfiguration = [MergedContextConfiguration@5f7f2382 testClass = CucumberTest, locations = '{}', classes = '{class core.ScenarioContext, class taf.cucumber.spring.Config}', contextInitializerClasses = '[]', activeProfiles = '{}', propertySourceLocations = '{}', propertySourceProperties = '{}', contextCustomizers = set[org.springframework.boot.test.context.filter.ExcludeFilterContextCustomizer@7997b197, org.springframework.boot.test.json.DuplicateJsonObjectContextCustomizerFactory$DuplicateJsonObjectContextCustomizer@55f3c410, org.springframework.boot.test.mock.mockito.MockitoContextCustomizer@0, org.springframework.boot.test.autoconfigure.actuate.metrics.MetricsExportContextCustomizerFactory$DisableMetricExportContextCustomizer@49f5c307, org.springframework.boot.test.autoconfigure.properties.PropertyMappingContextCustomizer@0, org.springframework.boot.test.autoconfigure.web.servlet.WebDriverContextCustomizerFactory$Customizer@64712be], contextLoader = 'org.springframework.test.context.support.DelegatingSmartContextLoader', parent = [null]], attributes = map[[empty]]], class annotated with @DirtiesContext [false] with mode [null].
19:50:44.567 [main] DEBUG org.springframework.test.context.cache.DefaultCacheAwareContextLoaderDelegate - Retrieved ApplicationContext [583015088] from cache with key [[MergedContextConfiguration@5f7f2382 testClass = CucumberTest, locations = '{}', classes = '{class core.ScenarioContext, class taf.cucumber.spring.Config}', contextInitializerClasses = '[]', activeProfiles = '{}', propertySourceLocations = '{}', propertySourceProperties = '{}', contextCustomizers = set[org.springframework.boot.test.context.filter.ExcludeFilterContextCustomizer@7997b197, org.springframework.boot.test.json.DuplicateJsonObjectContextCustomizerFactory$DuplicateJsonObjectContextCustomizer@55f3c410, org.springframework.boot.test.mock.mockito.MockitoContextCustomizer@0, org.springframework.boot.test.autoconfigure.actuate.metrics.MetricsExportContextCustomizerFactory$DisableMetricExportContextCustomizer@49f5c307, org.springframework.boot.test.autoconfigure.properties.PropertyMappingContextCustomizer@0, org.springframework.boot.test.autoconfigure.web.servlet.WebDriverContextCustomizerFactory$Customizer@64712be], contextLoader = 'org.springframework.test.context.support.DelegatingSmartContextLoader', parent = [null]]]
19:50:44.567 [main] DEBUG org.springframework.test.context.cache - Spring test ApplicationContext cache statistics: [DefaultContextCache@3062f9f4 size = 1, maxSize = 32, parentContextCount = 0, hitCount = 1, missCount = 1]
19:50:44.663 [main] DEBUG org.springframework.core.env.PropertySourcesPropertyResolver - Found key 'url' in PropertySource 'configurationProperties' with value of type String
19:50:44.663 [main] DEBUG org.springframework.core.env.PropertySourcesPropertyResolver - Found key 'url' in PropertySource 'environmentProperties' with value of type String
19:50:44.672 [main] DEBUG org.springframework.core.env.PropertySourcesPropertyResolver - Found key 'url' in PropertySource 'configurationProperties' with value of type String
19:50:44.672 [main] DEBUG org.springframework.core.env.PropertySourcesPropertyResolver - Found key 'url' in PropertySource 'environmentProperties' with value of type String
19:50:45.545 [main] DEBUG org.apache.http.impl.conn.BasicClientConnectionManager - Get connection for route {s}->https://api.nasa.gov:443
19:50:45.598 [main] DEBUG org.apache.http.impl.conn.DefaultClientConnectionOperator - Connecting to api.nasa.gov:443
19:50:46.377 [main] DEBUG org.apache.http.client.protocol.RequestAddCookies - CookieSpec selected: ignoreCookies
19:50:46.378 [main] DEBUG org.apache.http.client.protocol.RequestAuthCache - Auth cache not set in the context
19:50:46.378 [main] DEBUG org.apache.http.client.protocol.RequestTargetAuthentication - Target auth state: UNCHALLENGED
19:50:46.378 [main] DEBUG org.apache.http.client.protocol.RequestProxyAuthentication - Proxy auth state: UNCHALLENGED
19:50:46.378 [main] DEBUG org.apache.http.impl.client.DefaultHttpClient - Attempt 1 to execute request
19:50:46.378 [main] DEBUG org.apache.http.impl.conn.DefaultClientConnection - Sending request: GET /mars-photos/api/v1/rovers/curiosity/photos?sol=1000&api_key HTTP/1.1
19:50:46.379 [main] DEBUG org.apache.http.wire -  >> "GET /mars-photos/api/v1/rovers/curiosity/photos?sol=1000&api_key HTTP/1.1[\r][\n]"
19:50:46.379 [main] DEBUG org.apache.http.wire -  >> "Accept: */*[\r][\n]"
19:50:46.379 [main] DEBUG org.apache.http.wire -  >> "Host: api.nasa.gov[\r][\n]"
19:50:46.379 [main] DEBUG org.apache.http.wire -  >> "Connection: Keep-Alive[\r][\n]"
19:50:46.379 [main] DEBUG org.apache.http.wire -  >> "User-Agent: Apache-HttpClient/4.5.3 (Java/15.0.2)[\r][\n]"
19:50:46.379 [main] DEBUG org.apache.http.wire -  >> "Accept-Encoding: gzip,deflate[\r][\n]"
19:50:46.380 [main] DEBUG org.apache.http.wire -  >> "[\r][\n]"
19:50:46.380 [main] DEBUG org.apache.http.headers - >> GET /mars-photos/api/v1/rovers/curiosity/photos?sol=1000&api_key HTTP/1.1
19:50:46.380 [main] DEBUG org.apache.http.headers - >> Accept: */*
19:50:46.380 [main] DEBUG org.apache.http.headers - >> Host: api.nasa.gov
19:50:46.380 [main] DEBUG org.apache.http.headers - >> Connection: Keep-Alive
19:50:46.380 [main] DEBUG org.apache.http.headers - >> User-Agent: Apache-HttpClient/4.5.3 (Java/15.0.2)
19:50:46.380 [main] DEBUG org.apache.http.headers - >> Accept-Encoding: gzip,deflate
19:50:46.567 [main] DEBUG org.apache.http.wire -  << "HTTP/1.1 403 Forbidden[\r][\n]"
19:50:46.570 [main] DEBUG org.apache.http.wire -  << "Date: Fri, 06 Aug 2021 22:50:45 GMT[\r][\n]"
19:50:46.571 [main] DEBUG org.apache.http.wire -  << "Content-Type: application/json[\r][\n]"
19:50:46.571 [main] DEBUG org.apache.http.wire -  << "Transfer-Encoding: chunked[\r][\n]"
19:50:46.571 [main] DEBUG org.apache.http.wire -  << "Connection: keep-alive[\r][\n]"
19:50:46.571 [main] DEBUG org.apache.http.wire -  << "Vary: Accept-Encoding[\r][\n]"
19:50:46.571 [main] DEBUG org.apache.http.wire -  << "Access-Control-Allow-Origin: *[\r][\n]"
19:50:46.571 [main] DEBUG org.apache.http.wire -  << "X-Cache: MISS[\r][\n]"
19:50:46.571 [main] DEBUG org.apache.http.wire -  << "Strict-Transport-Security: max-age=31536000; preload[\r][\n]"
19:50:46.571 [main] DEBUG org.apache.http.wire -  << "Content-Encoding: gzip[\r][\n]"
19:50:46.571 [main] DEBUG org.apache.http.wire -  << "[\r][\n]"
19:50:46.571 [main] DEBUG org.apache.http.impl.conn.DefaultClientConnection - Receiving response: HTTP/1.1 403 Forbidden
19:50:46.571 [main] DEBUG org.apache.http.headers - << HTTP/1.1 403 Forbidden
19:50:46.571 [main] DEBUG org.apache.http.headers - << Date: Fri, 06 Aug 2021 22:50:45 GMT
19:50:46.571 [main] DEBUG org.apache.http.headers - << Content-Type: application/json
19:50:46.571 [main] DEBUG org.apache.http.headers - << Transfer-Encoding: chunked
19:50:46.571 [main] DEBUG org.apache.http.headers - << Connection: keep-alive
19:50:46.571 [main] DEBUG org.apache.http.headers - << Vary: Accept-Encoding
19:50:46.571 [main] DEBUG org.apache.http.headers - << Access-Control-Allow-Origin: *
19:50:46.571 [main] DEBUG org.apache.http.headers - << X-Cache: MISS
19:50:46.571 [main] DEBUG org.apache.http.headers - << Strict-Transport-Security: max-age=31536000; preload
19:50:46.571 [main] DEBUG org.apache.http.headers - << Content-Encoding: gzip
19:50:46.574 [main] DEBUG org.apache.http.impl.client.DefaultHttpClient - Connection can be kept alive indefinitely
19:50:46.586 [main] DEBUG io.restassured.internal.RequestSpecificationImpl$RestAssuredHttpBuilder - Parsing response as: application/json
19:50:46.586 [main] DEBUG org.apache.http.wire -  << "88[\r][\n]"
19:50:46.586 [main] DEBUG org.apache.http.wire -  << "[0x1f][0x8b][0x8][0x0][0x0][0x0][0x0][0x0][0x0][0x3][0xab][0xe6]RPPJ-*[0xca]/R[0xb2]R[0xa8][0x6]r[0x80][0xdc][0xe4][0xfc][0x94]T O[0xc9]1[0xc0]3[0xde][0xdb]52[0xde][0xd7]38[0xd8][0xd3][0xcf]]I[0x7]"[0x9d][0x9b]Z\[0x9c][0x98][0xe]V[0xe1][0x97][0xaf][0x90]X[0x90][0x19][0x9f][0x9d]Z[0xa9]P[0x9e]X[0xac]P\ZP[0x90][0x93][0x99][0x9a][0xa2][0xa7][0xe0][0x9e]Z[0xa2][0x90][0x9f][0x97][0xaa][0x90]X[0xa2][0x90]QRRPl[0xa5][0xaf][0xf]T[0xa8][0x97][0x97]X[0x9c][0xa8][0x97][0x9e]_febb[0xac][0x4]4[0xad][0x96][0xab][0x16][0x0]#;[0xb3]([0x81][0x0][0x0][0x0]"
19:50:46.586 [main] DEBUG org.apache.http.wire -  << "[\r][\n]"
19:50:46.587 [main] DEBUG org.apache.http.wire -  << "0[\r][\n]"
19:50:46.587 [main] DEBUG org.apache.http.wire -  << "[\r][\n]"
19:50:46.587 [main] DEBUG io.restassured.internal.RequestSpecificationImpl$RestAssuredHttpBuilder - Parsed data to instance of: class org.apache.http.conn.EofSensorInputStream
19:50:46.616 [main] DEBUG org.apache.http.impl.conn.BasicClientConnectionManager - Releasing connection org.apache.http.impl.conn.ManagedClientConnectionImpl@4751cd3
19:50:46.616 [main] DEBUG org.apache.http.impl.conn.BasicClientConnectionManager - Connection can be kept alive indefinitely
&amp#27;[31mF&amp#27;[0m&amp#27;[36m-&amp#27;[0m19:50:47.001 [main] DEBUG org.springframework.test.context.cache.DefaultCacheAwareContextLoaderDelegate - Retrieved ApplicationContext [583015088] from cache with key [[MergedContextConfiguration@5f7f2382 testClass = CucumberTest, locations = '{}', classes = '{class core.ScenarioContext, class taf.cucumber.spring.Config}', contextInitializerClasses = '[]', activeProfiles = '{}', propertySourceLocations = '{}', propertySourceProperties = '{}', contextCustomizers = set[org.springframework.boot.test.context.filter.ExcludeFilterContextCustomizer@7997b197, org.springframework.boot.test.json.DuplicateJsonObjectContextCustomizerFactory$DuplicateJsonObjectContextCustomizer@55f3c410, org.springframework.boot.test.mock.mockito.MockitoContextCustomizer@0, org.springframework.boot.test.autoconfigure.actuate.metrics.MetricsExportContextCustomizerFactory$DisableMetricExportContextCustomizer@49f5c307, org.springframework.boot.test.autoconfigure.properties.PropertyMappingContextCustomizer@0, org.springframework.boot.test.autoconfigure.web.servlet.WebDriverContextCustomizerFactory$Customizer@64712be], contextLoader = 'org.springframework.test.context.support.DelegatingSmartContextLoader', parent = [null]]]
19:50:47.001 [main] DEBUG org.springframework.test.context.cache - Spring test ApplicationContext cache statistics: [DefaultContextCache@3062f9f4 size = 1, maxSize = 32, parentContextCount = 0, hitCount = 2, missCount = 1]
19:50:47.002 [main] DEBUG org.springframework.test.context.support.AbstractDirtiesContextTestExecutionListener - After test class: context [DefaultTestContext@78c1372d testClass = CucumberTest, testInstance = [null], testMethod = [null], testException = [null], mergedContextConfiguration = [MergedContextConfiguration@5f7f2382 testClass = CucumberTest, locations = '{}', classes = '{class core.ScenarioContext, class taf.cucumber.spring.Config}', contextInitializerClasses = '[]', activeProfiles = '{}', propertySourceLocations = '{}', propertySourceProperties = '{}', contextCustomizers = set[org.springframework.boot.test.context.filter.ExcludeFilterContextCustomizer@7997b197, org.springframework.boot.test.json.DuplicateJsonObjectContextCustomizerFactory$DuplicateJsonObjectContextCustomizer@55f3c410, org.springframework.boot.test.mock.mockito.MockitoContextCustomizer@0, org.springframework.boot.test.autoconfigure.actuate.metrics.MetricsExportContextCustomizerFactory$DisableMetricExportContextCustomizer@49f5c307, org.springframework.boot.test.autoconfigure.properties.PropertyMappingContextCustomizer@0, org.springframework.boot.test.autoconfigure.web.servlet.WebDriverContextCustomizerFactory$Customizer@64712be], contextLoader = 'org.springframework.test.context.support.DelegatingSmartContextLoader', parent = [null]], attributes = map[[empty]]], class annotated with @DirtiesContext [false] with mode [null].
]]></system-out>
    <system-err><![CDATA[ago. 06, 2021 7:50:43 PM io.cucumber.testng.TestNGCucumberRunner <init>
WARNING: By default Cucumber is running in --non-strict mode.
This default will change to --strict and --non-strict will be removed.
You can use --strict or @CucumberOptions(strict = true) to suppress this warning
]]></system-err>
  </testcase>
  <testcase name="runScenario" classname="nasa.api.steps.CucumberTest" time="0.945">
    <failure message="Cannot invoke &quot;Object.getClass()&quot; because &quot;original&quot; is null" type="java.lang.NullPointerException">java.lang.NullPointerException: Cannot invoke "Object.getClass()" because "original" is null
</failure>
    <system-out><![CDATA[19:50:47.008 [main] DEBUG org.springframework.test.context.BootstrapUtils - Instantiating CacheAwareContextLoaderDelegate from class [org.springframework.test.context.cache.DefaultCacheAwareContextLoaderDelegate]
19:50:47.008 [main] DEBUG org.springframework.test.context.BootstrapUtils - Instantiating BootstrapContext using constructor [public org.springframework.test.context.support.DefaultBootstrapContext(java.lang.Class,org.springframework.test.context.CacheAwareContextLoaderDelegate)]
19:50:47.008 [main] DEBUG org.springframework.test.context.BootstrapUtils - Instantiating TestContextBootstrapper for test class [nasa.api.steps.CucumberTest] from class [org.springframework.test.context.support.DefaultTestContextBootstrapper]
19:50:47.009 [main] DEBUG org.springframework.test.context.support.AbstractDelegatingSmartContextLoader - Delegating to AnnotationConfigContextLoader to process context configuration [ContextConfigurationAttributes@26cdd4af declaringClass = 'nasa.api.steps.CucumberTest', classes = '{class core.ScenarioContext, class taf.cucumber.spring.Config}', locations = '{}', inheritLocations = true, initializers = '{}', inheritInitializers = true, name = [null], contextLoaderClass = 'org.springframework.test.context.ContextLoader'].
19:50:47.010 [main] DEBUG org.springframework.test.context.support.ActiveProfilesUtils - Could not find an 'annotation declaring class' for annotation type [org.springframework.test.context.ActiveProfiles] and class [nasa.api.steps.CucumberTest]
19:50:47.011 [main] DEBUG org.springframework.test.context.support.DefaultTestContextBootstrapper - @TestExecutionListeners is not present for class [nasa.api.steps.CucumberTest]: using defaults.
19:50:47.011 [main] INFO org.springframework.test.context.support.DefaultTestContextBootstrapper - Loaded default TestExecutionListener class names from location [META-INF/spring.factories]: [org.springframework.boot.test.mock.mockito.MockitoTestExecutionListener, org.springframework.boot.test.mock.mockito.ResetMocksTestExecutionListener, org.springframework.boot.test.autoconfigure.restdocs.RestDocsTestExecutionListener, org.springframework.boot.test.autoconfigure.web.client.MockRestServiceServerResetTestExecutionListener, org.springframework.boot.test.autoconfigure.web.servlet.MockMvcPrintOnlyOnFailureTestExecutionListener, org.springframework.boot.test.autoconfigure.web.servlet.WebDriverTestExecutionListener, org.springframework.boot.test.autoconfigure.webservices.client.MockWebServiceServerTestExecutionListener, org.springframework.test.context.web.ServletTestExecutionListener, org.springframework.test.context.support.DirtiesContextBeforeModesTestExecutionListener, org.springframework.test.context.event.ApplicationEventsTestExecutionListener, org.springframework.test.context.support.DependencyInjectionTestExecutionListener, org.springframework.test.context.support.DirtiesContextTestExecutionListener, org.springframework.test.context.transaction.TransactionalTestExecutionListener, org.springframework.test.context.jdbc.SqlScriptsTestExecutionListener, org.springframework.test.context.event.EventPublishingTestExecutionListener]
19:50:47.012 [main] DEBUG org.springframework.test.context.support.DefaultTestContextBootstrapper - Skipping candidate TestExecutionListener [org.springframework.test.context.web.ServletTestExecutionListener] due to a missing dependency. Specify custom listener classes or make the default listener classes and their required dependencies available. Offending class: [javax/servlet/ServletContext]
19:50:47.012 [main] DEBUG org.springframework.test.context.support.DefaultTestContextBootstrapper - Skipping candidate TestExecutionListener [org.springframework.test.context.transaction.TransactionalTestExecutionListener] due to a missing dependency. Specify custom listener classes or make the default listener classes and their required dependencies available. Offending class: [org/springframework/transaction/interceptor/TransactionAttributeSource]
19:50:47.013 [main] DEBUG org.springframework.test.context.support.DefaultTestContextBootstrapper - Skipping candidate TestExecutionListener [org.springframework.test.context.jdbc.SqlScriptsTestExecutionListener] due to a missing dependency. Specify custom listener classes or make the default listener classes and their required dependencies available. Offending class: [org/springframework/transaction/interceptor/TransactionAttribute]
19:50:47.013 [main] INFO org.springframework.test.context.support.DefaultTestContextBootstrapper - Using TestExecutionListeners: [org.springframework.test.context.support.DirtiesContextBeforeModesTestExecutionListener@54f373d4, org.springframework.test.context.event.ApplicationEventsTestExecutionListener@1c53bd49, org.springframework.boot.test.mock.mockito.MockitoTestExecutionListener@16949dfa, org.springframework.test.context.support.DependencyInjectionTestExecutionListener@d6d683e, org.springframework.test.context.support.DirtiesContextTestExecutionListener@42cfd794, org.springframework.test.context.event.EventPublishingTestExecutionListener@43778371, org.springframework.boot.test.mock.mockito.ResetMocksTestExecutionListener@71beada8, org.springframework.boot.test.autoconfigure.restdocs.RestDocsTestExecutionListener@17f41739, org.springframework.boot.test.autoconfigure.web.client.MockRestServiceServerResetTestExecutionListener@2b3b1124, org.springframework.boot.test.autoconfigure.web.servlet.MockMvcPrintOnlyOnFailureTestExecutionListener@54286339, org.springframework.boot.test.autoconfigure.web.servlet.WebDriverTestExecutionListener@507f47f9, org.springframework.boot.test.autoconfigure.webservices.client.MockWebServiceServerTestExecutionListener@6785df10]
19:50:47.013 [main] DEBUG org.springframework.test.context.cache.DefaultCacheAwareContextLoaderDelegate - Retrieved ApplicationContext [583015088] from cache with key [[MergedContextConfiguration@144440f5 testClass = CucumberTest, locations = '{}', classes = '{class core.ScenarioContext, class taf.cucumber.spring.Config}', contextInitializerClasses = '[]', activeProfiles = '{}', propertySourceLocations = '{}', propertySourceProperties = '{}', contextCustomizers = set[org.springframework.boot.test.context.filter.ExcludeFilterContextCustomizer@7997b197, org.springframework.boot.test.json.DuplicateJsonObjectContextCustomizerFactory$DuplicateJsonObjectContextCustomizer@55f3c410, org.springframework.boot.test.mock.mockito.MockitoContextCustomizer@0, org.springframework.boot.test.autoconfigure.actuate.metrics.MetricsExportContextCustomizerFactory$DisableMetricExportContextCustomizer@49f5c307, org.springframework.boot.test.autoconfigure.properties.PropertyMappingContextCustomizer@0, org.springframework.boot.test.autoconfigure.web.servlet.WebDriverContextCustomizerFactory$Customizer@64712be], contextLoader = 'org.springframework.test.context.support.DelegatingSmartContextLoader', parent = [null]]]
19:50:47.013 [main] DEBUG org.springframework.test.context.cache - Spring test ApplicationContext cache statistics: [DefaultContextCache@3062f9f4 size = 1, maxSize = 32, parentContextCount = 0, hitCount = 3, missCount = 1]
19:50:47.013 [main] DEBUG org.springframework.beans.factory.support.DefaultListableBeanFactory - Replacing scope 'cucumber-glue' from [io.cucumber.spring.CucumberScenarioScope@3e2c8ef] to [io.cucumber.spring.CucumberScenarioScope@290807e5]
19:50:47.014 [main] DEBUG org.springframework.test.context.support.AbstractDirtiesContextTestExecutionListener - Before test class: context [DefaultTestContext@60bc308b testClass = CucumberTest, testInstance = [null], testMethod = [null], testException = [null], mergedContextConfiguration = [MergedContextConfiguration@144440f5 testClass = CucumberTest, locations = '{}', classes = '{class core.ScenarioContext, class taf.cucumber.spring.Config}', contextInitializerClasses = '[]', activeProfiles = '{}', propertySourceLocations = '{}', propertySourceProperties = '{}', contextCustomizers = set[org.springframework.boot.test.context.filter.ExcludeFilterContextCustomizer@7997b197, org.springframework.boot.test.json.DuplicateJsonObjectContextCustomizerFactory$DuplicateJsonObjectContextCustomizer@55f3c410, org.springframework.boot.test.mock.mockito.MockitoContextCustomizer@0, org.springframework.boot.test.autoconfigure.actuate.metrics.MetricsExportContextCustomizerFactory$DisableMetricExportContextCustomizer@49f5c307, org.springframework.boot.test.autoconfigure.properties.PropertyMappingContextCustomizer@0, org.springframework.boot.test.autoconfigure.web.servlet.WebDriverContextCustomizerFactory$Customizer@64712be], contextLoader = 'org.springframework.test.context.support.DelegatingSmartContextLoader', parent = [null]], attributes = map[[empty]]], class annotated with @DirtiesContext [false] with mode [null].
19:50:47.014 [main] DEBUG org.springframework.test.context.cache.DefaultCacheAwareContextLoaderDelegate - Retrieved ApplicationContext [583015088] from cache with key [[MergedContextConfiguration@144440f5 testClass = CucumberTest, locations = '{}', classes = '{class core.ScenarioContext, class taf.cucumber.spring.Config}', contextInitializerClasses = '[]', activeProfiles = '{}', propertySourceLocations = '{}', propertySourceProperties = '{}', contextCustomizers = set[org.springframework.boot.test.context.filter.ExcludeFilterContextCustomizer@7997b197, org.springframework.boot.test.json.DuplicateJsonObjectContextCustomizerFactory$DuplicateJsonObjectContextCustomizer@55f3c410, org.springframework.boot.test.mock.mockito.MockitoContextCustomizer@0, org.springframework.boot.test.autoconfigure.actuate.metrics.MetricsExportContextCustomizerFactory$DisableMetricExportContextCustomizer@49f5c307, org.springframework.boot.test.autoconfigure.properties.PropertyMappingContextCustomizer@0, org.springframework.boot.test.autoconfigure.web.servlet.WebDriverContextCustomizerFactory$Customizer@64712be], contextLoader = 'org.springframework.test.context.support.DelegatingSmartContextLoader', parent = [null]]]
19:50:47.014 [main] DEBUG org.springframework.test.context.cache - Spring test ApplicationContext cache statistics: [DefaultContextCache@3062f9f4 size = 1, maxSize = 32, parentContextCount = 0, hitCount = 4, missCount = 1]
19:50:47.022 [main] DEBUG org.springframework.core.env.PropertySourcesPropertyResolver - Found key 'url' in PropertySource 'configurationProperties' with value of type String
19:50:47.022 [main] DEBUG org.springframework.core.env.PropertySourcesPropertyResolver - Found key 'url' in PropertySource 'environmentProperties' with value of type String
19:50:47.023 [main] DEBUG org.springframework.core.env.PropertySourcesPropertyResolver - Found key 'url' in PropertySource 'configurationProperties' with value of type String
19:50:47.023 [main] DEBUG org.springframework.core.env.PropertySourcesPropertyResolver - Found key 'url' in PropertySource 'environmentProperties' with value of type String
19:50:47.033 [main] DEBUG org.apache.http.impl.conn.BasicClientConnectionManager - Get connection for route {s}->https://api.nasa.gov:443
19:50:47.034 [main] DEBUG org.apache.http.impl.conn.DefaultClientConnectionOperator - Connecting to api.nasa.gov:443
19:50:47.741 [main] DEBUG org.apache.http.client.protocol.RequestAddCookies - CookieSpec selected: ignoreCookies
19:50:47.741 [main] DEBUG org.apache.http.client.protocol.RequestAuthCache - Auth cache not set in the context
19:50:47.741 [main] DEBUG org.apache.http.client.protocol.RequestTargetAuthentication - Target auth state: UNCHALLENGED
19:50:47.741 [main] DEBUG org.apache.http.client.protocol.RequestProxyAuthentication - Proxy auth state: UNCHALLENGED
19:50:47.741 [main] DEBUG org.apache.http.impl.client.DefaultHttpClient - Attempt 1 to execute request
19:50:47.741 [main] DEBUG org.apache.http.impl.conn.DefaultClientConnection - Sending request: GET /mars-photos/api/v1/rovers/curiosity/photos?earth_date=2015-05-30&api_key HTTP/1.1
19:50:47.741 [main] DEBUG org.apache.http.wire -  >> "GET /mars-photos/api/v1/rovers/curiosity/photos?earth_date=2015-05-30&api_key HTTP/1.1[\r][\n]"
19:50:47.741 [main] DEBUG org.apache.http.wire -  >> "Accept: */*[\r][\n]"
19:50:47.741 [main] DEBUG org.apache.http.wire -  >> "Host: api.nasa.gov[\r][\n]"
19:50:47.741 [main] DEBUG org.apache.http.wire -  >> "Connection: Keep-Alive[\r][\n]"
19:50:47.741 [main] DEBUG org.apache.http.wire -  >> "User-Agent: Apache-HttpClient/4.5.3 (Java/15.0.2)[\r][\n]"
19:50:47.741 [main] DEBUG org.apache.http.wire -  >> "Accept-Encoding: gzip,deflate[\r][\n]"
19:50:47.741 [main] DEBUG org.apache.http.wire -  >> "[\r][\n]"
19:50:47.741 [main] DEBUG org.apache.http.headers - >> GET /mars-photos/api/v1/rovers/curiosity/photos?earth_date=2015-05-30&api_key HTTP/1.1
19:50:47.742 [main] DEBUG org.apache.http.headers - >> Accept: */*
19:50:47.742 [main] DEBUG org.apache.http.headers - >> Host: api.nasa.gov
19:50:47.742 [main] DEBUG org.apache.http.headers - >> Connection: Keep-Alive
19:50:47.742 [main] DEBUG org.apache.http.headers - >> User-Agent: Apache-HttpClient/4.5.3 (Java/15.0.2)
19:50:47.742 [main] DEBUG org.apache.http.headers - >> Accept-Encoding: gzip,deflate
19:50:47.900 [main] DEBUG org.apache.http.wire -  << "HTTP/1.1 403 Forbidden[\r][\n]"
19:50:47.900 [main] DEBUG org.apache.http.wire -  << "Date: Fri, 06 Aug 2021 22:50:47 GMT[\r][\n]"
19:50:47.900 [main] DEBUG org.apache.http.wire -  << "Content-Type: application/json[\r][\n]"
19:50:47.900 [main] DEBUG org.apache.http.wire -  << "Transfer-Encoding: chunked[\r][\n]"
19:50:47.900 [main] DEBUG org.apache.http.wire -  << "Connection: keep-alive[\r][\n]"
19:50:47.900 [main] DEBUG org.apache.http.wire -  << "Vary: Accept-Encoding[\r][\n]"
19:50:47.900 [main] DEBUG org.apache.http.wire -  << "Access-Control-Allow-Origin: *[\r][\n]"
19:50:47.900 [main] DEBUG org.apache.http.wire -  << "X-Cache: MISS[\r][\n]"
19:50:47.900 [main] DEBUG org.apache.http.wire -  << "Strict-Transport-Security: max-age=31536000; preload[\r][\n]"
19:50:47.900 [main] DEBUG org.apache.http.wire -  << "Content-Encoding: gzip[\r][\n]"
19:50:47.900 [main] DEBUG org.apache.http.wire -  << "[\r][\n]"
19:50:47.900 [main] DEBUG org.apache.http.impl.conn.DefaultClientConnection - Receiving response: HTTP/1.1 403 Forbidden
19:50:47.900 [main] DEBUG org.apache.http.headers - << HTTP/1.1 403 Forbidden
19:50:47.900 [main] DEBUG org.apache.http.headers - << Date: Fri, 06 Aug 2021 22:50:47 GMT
19:50:47.900 [main] DEBUG org.apache.http.headers - << Content-Type: application/json
19:50:47.900 [main] DEBUG org.apache.http.headers - << Transfer-Encoding: chunked
19:50:47.900 [main] DEBUG org.apache.http.headers - << Connection: keep-alive
19:50:47.900 [main] DEBUG org.apache.http.headers - << Vary: Accept-Encoding
19:50:47.900 [main] DEBUG org.apache.http.headers - << Access-Control-Allow-Origin: *
19:50:47.900 [main] DEBUG org.apache.http.headers - << X-Cache: MISS
19:50:47.900 [main] DEBUG org.apache.http.headers - << Strict-Transport-Security: max-age=31536000; preload
19:50:47.900 [main] DEBUG org.apache.http.headers - << Content-Encoding: gzip
19:50:47.901 [main] DEBUG org.apache.http.impl.client.DefaultHttpClient - Connection can be kept alive indefinitely
19:50:47.901 [main] DEBUG io.restassured.internal.RequestSpecificationImpl$RestAssuredHttpBuilder - Parsing response as: application/json
19:50:47.901 [main] DEBUG org.apache.http.wire -  << "88[\r][\n]"
19:50:47.901 [main] DEBUG org.apache.http.wire -  << "[0x1f][0x8b][0x8][0x0][0x0][0x0][0x0][0x0][0x0][0x3][0xab][0xe6]RPPJ-*[0xca]/R[0xb2]R[0xa8][0x6]r[0x80][0xdc][0xe4][0xfc][0x94]T O[0xc9]1[0xc0]3[0xde][0xdb]52[0xde][0xd7]38[0xd8][0xd3][0xcf]]I[0x7]"[0x9d][0x9b]Z\[0x9c][0x98][0xe]V[0xe1][0x97][0xaf][0x90]X[0x90][0x19][0x9f][0x9d]Z[0xa9]P[0x9e]X[0xac]P\ZP[0x90][0x93][0x99][0x9a][0xa2][0xa7][0xe0][0x9e]Z[0xa2][0x90][0x9f][0x97][0xaa][0x90]X[0xa2][0x90]QRRPl[0xa5][0xaf][0xf]T[0xa8][0x97][0x97]X[0x9c][0xa8][0x97][0x9e]_febb[0xac][0x4]4[0xad][0x96][0xab][0x16][0x0]#;[0xb3]([0x81][0x0][0x0][0x0]"
19:50:47.901 [main] DEBUG org.apache.http.wire -  << "[\r][\n]"
19:50:47.901 [main] DEBUG org.apache.http.wire -  << "0[\r][\n]"
19:50:47.901 [main] DEBUG org.apache.http.wire -  << "[\r][\n]"
19:50:47.901 [main] DEBUG io.restassured.internal.RequestSpecificationImpl$RestAssuredHttpBuilder - Parsed data to instance of: class org.apache.http.conn.EofSensorInputStream
19:50:47.903 [main] DEBUG org.apache.http.impl.conn.BasicClientConnectionManager - Releasing connection org.apache.http.impl.conn.ManagedClientConnectionImpl@2b1d1a5
19:50:47.903 [main] DEBUG org.apache.http.impl.conn.BasicClientConnectionManager - Connection can be kept alive indefinitely
&amp#27;[31mF&amp#27;[0m&amp#27;[36m-&amp#27;[0m19:50:47.914 [main] DEBUG org.springframework.test.context.cache.DefaultCacheAwareContextLoaderDelegate - Retrieved ApplicationContext [583015088] from cache with key [[MergedContextConfiguration@144440f5 testClass = CucumberTest, locations = '{}', classes = '{class core.ScenarioContext, class taf.cucumber.spring.Config}', contextInitializerClasses = '[]', activeProfiles = '{}', propertySourceLocations = '{}', propertySourceProperties = '{}', contextCustomizers = set[org.springframework.boot.test.context.filter.ExcludeFilterContextCustomizer@7997b197, org.springframework.boot.test.json.DuplicateJsonObjectContextCustomizerFactory$DuplicateJsonObjectContextCustomizer@55f3c410, org.springframework.boot.test.mock.mockito.MockitoContextCustomizer@0, org.springframework.boot.test.autoconfigure.actuate.metrics.MetricsExportContextCustomizerFactory$DisableMetricExportContextCustomizer@49f5c307, org.springframework.boot.test.autoconfigure.properties.PropertyMappingContextCustomizer@0, org.springframework.boot.test.autoconfigure.web.servlet.WebDriverContextCustomizerFactory$Customizer@64712be], contextLoader = 'org.springframework.test.context.support.DelegatingSmartContextLoader', parent = [null]]]
19:50:47.914 [main] DEBUG org.springframework.test.context.cache - Spring test ApplicationContext cache statistics: [DefaultContextCache@3062f9f4 size = 1, maxSize = 32, parentContextCount = 0, hitCount = 5, missCount = 1]
19:50:47.914 [main] DEBUG org.springframework.test.context.support.AbstractDirtiesContextTestExecutionListener - After test class: context [DefaultTestContext@60bc308b testClass = CucumberTest, testInstance = [null], testMethod = [null], testException = [null], mergedContextConfiguration = [MergedContextConfiguration@144440f5 testClass = CucumberTest, locations = '{}', classes = '{class core.ScenarioContext, class taf.cucumber.spring.Config}', contextInitializerClasses = '[]', activeProfiles = '{}', propertySourceLocations = '{}', propertySourceProperties = '{}', contextCustomizers = set[org.springframework.boot.test.context.filter.ExcludeFilterContextCustomizer@7997b197, org.springframework.boot.test.json.DuplicateJsonObjectContextCustomizerFactory$DuplicateJsonObjectContextCustomizer@55f3c410, org.springframework.boot.test.mock.mockito.MockitoContextCustomizer@0, org.springframework.boot.test.autoconfigure.actuate.metrics.MetricsExportContextCustomizerFactory$DisableMetricExportContextCustomizer@49f5c307, org.springframework.boot.test.autoconfigure.properties.PropertyMappingContextCustomizer@0, org.springframework.boot.test.autoconfigure.web.servlet.WebDriverContextCustomizerFactory$Customizer@64712be], contextLoader = 'org.springframework.test.context.support.DelegatingSmartContextLoader', parent = [null]], attributes = map[[empty]]], class annotated with @DirtiesContext [false] with mode [null].
]]></system-out>
  </testcase>
  <testcase name="runScenario" classname="nasa.api.steps.CucumberTest" time="0.94">
    <failure message="Cannot invoke &quot;Object.getClass()&quot; because &quot;original&quot; is null" type="java.lang.NullPointerException">java.lang.NullPointerException: Cannot invoke "Object.getClass()" because "original" is null
</failure>
    <system-out><![CDATA[19:50:47.915 [main] DEBUG org.springframework.test.context.BootstrapUtils - Instantiating CacheAwareContextLoaderDelegate from class [org.springframework.test.context.cache.DefaultCacheAwareContextLoaderDelegate]
19:50:47.915 [main] DEBUG org.springframework.test.context.BootstrapUtils - Instantiating BootstrapContext using constructor [public org.springframework.test.context.support.DefaultBootstrapContext(java.lang.Class,org.springframework.test.context.CacheAwareContextLoaderDelegate)]
19:50:47.915 [main] DEBUG org.springframework.test.context.BootstrapUtils - Instantiating TestContextBootstrapper for test class [nasa.api.steps.CucumberTest] from class [org.springframework.test.context.support.DefaultTestContextBootstrapper]
19:50:47.916 [main] DEBUG org.springframework.test.context.support.AbstractDelegatingSmartContextLoader - Delegating to AnnotationConfigContextLoader to process context configuration [ContextConfigurationAttributes@27b490de declaringClass = 'nasa.api.steps.CucumberTest', classes = '{class core.ScenarioContext, class taf.cucumber.spring.Config}', locations = '{}', inheritLocations = true, initializers = '{}', inheritInitializers = true, name = [null], contextLoaderClass = 'org.springframework.test.context.ContextLoader'].
19:50:47.917 [main] DEBUG org.springframework.test.context.support.ActiveProfilesUtils - Could not find an 'annotation declaring class' for annotation type [org.springframework.test.context.ActiveProfiles] and class [nasa.api.steps.CucumberTest]
19:50:47.917 [main] DEBUG org.springframework.test.context.support.DefaultTestContextBootstrapper - @TestExecutionListeners is not present for class [nasa.api.steps.CucumberTest]: using defaults.
19:50:47.917 [main] INFO org.springframework.test.context.support.DefaultTestContextBootstrapper - Loaded default TestExecutionListener class names from location [META-INF/spring.factories]: [org.springframework.boot.test.mock.mockito.MockitoTestExecutionListener, org.springframework.boot.test.mock.mockito.ResetMocksTestExecutionListener, org.springframework.boot.test.autoconfigure.restdocs.RestDocsTestExecutionListener, org.springframework.boot.test.autoconfigure.web.client.MockRestServiceServerResetTestExecutionListener, org.springframework.boot.test.autoconfigure.web.servlet.MockMvcPrintOnlyOnFailureTestExecutionListener, org.springframework.boot.test.autoconfigure.web.servlet.WebDriverTestExecutionListener, org.springframework.boot.test.autoconfigure.webservices.client.MockWebServiceServerTestExecutionListener, org.springframework.test.context.web.ServletTestExecutionListener, org.springframework.test.context.support.DirtiesContextBeforeModesTestExecutionListener, org.springframework.test.context.event.ApplicationEventsTestExecutionListener, org.springframework.test.context.support.DependencyInjectionTestExecutionListener, org.springframework.test.context.support.DirtiesContextTestExecutionListener, org.springframework.test.context.transaction.TransactionalTestExecutionListener, org.springframework.test.context.jdbc.SqlScriptsTestExecutionListener, org.springframework.test.context.event.EventPublishingTestExecutionListener]
19:50:47.917 [main] DEBUG org.springframework.test.context.support.DefaultTestContextBootstrapper - Skipping candidate TestExecutionListener [org.springframework.test.context.web.ServletTestExecutionListener] due to a missing dependency. Specify custom listener classes or make the default listener classes and their required dependencies available. Offending class: [javax/servlet/ServletContext]
19:50:47.918 [main] DEBUG org.springframework.test.context.support.DefaultTestContextBootstrapper - Skipping candidate TestExecutionListener [org.springframework.test.context.transaction.TransactionalTestExecutionListener] due to a missing dependency. Specify custom listener classes or make the default listener classes and their required dependencies available. Offending class: [org/springframework/transaction/interceptor/TransactionAttributeSource]
19:50:47.918 [main] DEBUG org.springframework.test.context.support.DefaultTestContextBootstrapper - Skipping candidate TestExecutionListener [org.springframework.test.context.jdbc.SqlScriptsTestExecutionListener] due to a missing dependency. Specify custom listener classes or make the default listener classes and their required dependencies available. Offending class: [org/springframework/transaction/interceptor/TransactionAttribute]
19:50:47.918 [main] INFO org.springframework.test.context.support.DefaultTestContextBootstrapper - Using TestExecutionListeners: [org.springframework.test.context.support.DirtiesContextBeforeModesTestExecutionListener@36cf16a6, org.springframework.test.context.event.ApplicationEventsTestExecutionListener@3dd750ba, org.springframework.boot.test.mock.mockito.MockitoTestExecutionListener@7eefaca0, org.springframework.test.context.support.DependencyInjectionTestExecutionListener@7d5ef1c3, org.springframework.test.context.support.DirtiesContextTestExecutionListener@33eab2e8, org.springframework.test.context.event.EventPublishingTestExecutionListener@34bf66af, org.springframework.boot.test.mock.mockito.ResetMocksTestExecutionListener@37364634, org.springframework.boot.test.autoconfigure.restdocs.RestDocsTestExecutionListener@3dec79f8, org.springframework.boot.test.autoconfigure.web.client.MockRestServiceServerResetTestExecutionListener@5bf7f15f, org.springframework.boot.test.autoconfigure.web.servlet.MockMvcPrintOnlyOnFailureTestExecutionListener@14b26e90, org.springframework.boot.test.autoconfigure.web.servlet.WebDriverTestExecutionListener@11309dd4, org.springframework.boot.test.autoconfigure.webservices.client.MockWebServiceServerTestExecutionListener@4f4d05b3]
19:50:47.918 [main] DEBUG org.springframework.test.context.cache.DefaultCacheAwareContextLoaderDelegate - Retrieved ApplicationContext [583015088] from cache with key [[MergedContextConfiguration@2bd4780c testClass = CucumberTest, locations = '{}', classes = '{class core.ScenarioContext, class taf.cucumber.spring.Config}', contextInitializerClasses = '[]', activeProfiles = '{}', propertySourceLocations = '{}', propertySourceProperties = '{}', contextCustomizers = set[org.springframework.boot.test.context.filter.ExcludeFilterContextCustomizer@7997b197, org.springframework.boot.test.json.DuplicateJsonObjectContextCustomizerFactory$DuplicateJsonObjectContextCustomizer@55f3c410, org.springframework.boot.test.mock.mockito.MockitoContextCustomizer@0, org.springframework.boot.test.autoconfigure.actuate.metrics.MetricsExportContextCustomizerFactory$DisableMetricExportContextCustomizer@49f5c307, org.springframework.boot.test.autoconfigure.properties.PropertyMappingContextCustomizer@0, org.springframework.boot.test.autoconfigure.web.servlet.WebDriverContextCustomizerFactory$Customizer@64712be], contextLoader = 'org.springframework.test.context.support.DelegatingSmartContextLoader', parent = [null]]]
19:50:47.918 [main] DEBUG org.springframework.test.context.cache - Spring test ApplicationContext cache statistics: [DefaultContextCache@3062f9f4 size = 1, maxSize = 32, parentContextCount = 0, hitCount = 6, missCount = 1]
19:50:47.918 [main] DEBUG org.springframework.beans.factory.support.DefaultListableBeanFactory - Replacing scope 'cucumber-glue' from [io.cucumber.spring.CucumberScenarioScope@290807e5] to [io.cucumber.spring.CucumberScenarioScope@2c154508]
19:50:47.918 [main] DEBUG org.springframework.test.context.support.AbstractDirtiesContextTestExecutionListener - Before test class: context [DefaultTestContext@395eb363 testClass = CucumberTest, testInstance = [null], testMethod = [null], testException = [null], mergedContextConfiguration = [MergedContextConfiguration@2bd4780c testClass = CucumberTest, locations = '{}', classes = '{class core.ScenarioContext, class taf.cucumber.spring.Config}', contextInitializerClasses = '[]', activeProfiles = '{}', propertySourceLocations = '{}', propertySourceProperties = '{}', contextCustomizers = set[org.springframework.boot.test.context.filter.ExcludeFilterContextCustomizer@7997b197, org.springframework.boot.test.json.DuplicateJsonObjectContextCustomizerFactory$DuplicateJsonObjectContextCustomizer@55f3c410, org.springframework.boot.test.mock.mockito.MockitoContextCustomizer@0, org.springframework.boot.test.autoconfigure.actuate.metrics.MetricsExportContextCustomizerFactory$DisableMetricExportContextCustomizer@49f5c307, org.springframework.boot.test.autoconfigure.properties.PropertyMappingContextCustomizer@0, org.springframework.boot.test.autoconfigure.web.servlet.WebDriverContextCustomizerFactory$Customizer@64712be], contextLoader = 'org.springframework.test.context.support.DelegatingSmartContextLoader', parent = [null]], attributes = map[[empty]]], class annotated with @DirtiesContext [false] with mode [null].
19:50:47.918 [main] DEBUG org.springframework.test.context.cache.DefaultCacheAwareContextLoaderDelegate - Retrieved ApplicationContext [583015088] from cache with key [[MergedContextConfiguration@2bd4780c testClass = CucumberTest, locations = '{}', classes = '{class core.ScenarioContext, class taf.cucumber.spring.Config}', contextInitializerClasses = '[]', activeProfiles = '{}', propertySourceLocations = '{}', propertySourceProperties = '{}', contextCustomizers = set[org.springframework.boot.test.context.filter.ExcludeFilterContextCustomizer@7997b197, org.springframework.boot.test.json.DuplicateJsonObjectContextCustomizerFactory$DuplicateJsonObjectContextCustomizer@55f3c410, org.springframework.boot.test.mock.mockito.MockitoContextCustomizer@0, org.springframework.boot.test.autoconfigure.actuate.metrics.MetricsExportContextCustomizerFactory$DisableMetricExportContextCustomizer@49f5c307, org.springframework.boot.test.autoconfigure.properties.PropertyMappingContextCustomizer@0, org.springframework.boot.test.autoconfigure.web.servlet.WebDriverContextCustomizerFactory$Customizer@64712be], contextLoader = 'org.springframework.test.context.support.DelegatingSmartContextLoader', parent = [null]]]
19:50:47.919 [main] DEBUG org.springframework.test.context.cache - Spring test ApplicationContext cache statistics: [DefaultContextCache@3062f9f4 size = 1, maxSize = 32, parentContextCount = 0, hitCount = 7, missCount = 1]
19:50:47.924 [main] DEBUG org.springframework.core.env.PropertySourcesPropertyResolver - Found key 'url' in PropertySource 'configurationProperties' with value of type String
19:50:47.924 [main] DEBUG org.springframework.core.env.PropertySourcesPropertyResolver - Found key 'url' in PropertySource 'environmentProperties' with value of type String
19:50:47.925 [main] DEBUG org.springframework.core.env.PropertySourcesPropertyResolver - Found key 'url' in PropertySource 'configurationProperties' with value of type String
19:50:47.925 [main] DEBUG org.springframework.core.env.PropertySourcesPropertyResolver - Found key 'url' in PropertySource 'environmentProperties' with value of type String
19:50:47.932 [main] DEBUG org.apache.http.impl.conn.BasicClientConnectionManager - Get connection for route {s}->https://api.nasa.gov:443
19:50:47.933 [main] DEBUG org.apache.http.impl.conn.DefaultClientConnectionOperator - Connecting to api.nasa.gov:443
19:50:48.662 [main] DEBUG org.apache.http.client.protocol.RequestAddCookies - CookieSpec selected: ignoreCookies
19:50:48.662 [main] DEBUG org.apache.http.client.protocol.RequestAuthCache - Auth cache not set in the context
19:50:48.663 [main] DEBUG org.apache.http.client.protocol.RequestTargetAuthentication - Target auth state: UNCHALLENGED
19:50:48.663 [main] DEBUG org.apache.http.client.protocol.RequestProxyAuthentication - Proxy auth state: UNCHALLENGED
19:50:48.663 [main] DEBUG org.apache.http.impl.client.DefaultHttpClient - Attempt 1 to execute request
19:50:48.663 [main] DEBUG org.apache.http.impl.conn.DefaultClientConnection - Sending request: GET /mars-photos/api/v1/rovers/curiosity/photos?sol=1000&api_key HTTP/1.1
19:50:48.663 [main] DEBUG org.apache.http.wire -  >> "GET /mars-photos/api/v1/rovers/curiosity/photos?sol=1000&api_key HTTP/1.1[\r][\n]"
19:50:48.663 [main] DEBUG org.apache.http.wire -  >> "Accept: */*[\r][\n]"
19:50:48.663 [main] DEBUG org.apache.http.wire -  >> "Host: api.nasa.gov[\r][\n]"
19:50:48.663 [main] DEBUG org.apache.http.wire -  >> "Connection: Keep-Alive[\r][\n]"
19:50:48.664 [main] DEBUG org.apache.http.wire -  >> "User-Agent: Apache-HttpClient/4.5.3 (Java/15.0.2)[\r][\n]"
19:50:48.664 [main] DEBUG org.apache.http.wire -  >> "Accept-Encoding: gzip,deflate[\r][\n]"
19:50:48.664 [main] DEBUG org.apache.http.wire -  >> "[\r][\n]"
19:50:48.664 [main] DEBUG org.apache.http.headers - >> GET /mars-photos/api/v1/rovers/curiosity/photos?sol=1000&api_key HTTP/1.1
19:50:48.664 [main] DEBUG org.apache.http.headers - >> Accept: */*
19:50:48.664 [main] DEBUG org.apache.http.headers - >> Host: api.nasa.gov
19:50:48.664 [main] DEBUG org.apache.http.headers - >> Connection: Keep-Alive
19:50:48.664 [main] DEBUG org.apache.http.headers - >> User-Agent: Apache-HttpClient/4.5.3 (Java/15.0.2)
19:50:48.664 [main] DEBUG org.apache.http.headers - >> Accept-Encoding: gzip,deflate
19:50:48.831 [main] DEBUG org.apache.http.wire -  << "HTTP/1.1 403 Forbidden[\r][\n]"
19:50:48.832 [main] DEBUG org.apache.http.wire -  << "Date: Fri, 06 Aug 2021 22:50:47 GMT[\r][\n]"
19:50:48.832 [main] DEBUG org.apache.http.wire -  << "Content-Type: application/json[\r][\n]"
19:50:48.832 [main] DEBUG org.apache.http.wire -  << "Transfer-Encoding: chunked[\r][\n]"
19:50:48.832 [main] DEBUG org.apache.http.wire -  << "Connection: keep-alive[\r][\n]"
19:50:48.832 [main] DEBUG org.apache.http.wire -  << "Vary: Accept-Encoding[\r][\n]"
19:50:48.832 [main] DEBUG org.apache.http.wire -  << "Access-Control-Allow-Origin: *[\r][\n]"
19:50:48.832 [main] DEBUG org.apache.http.wire -  << "X-Cache: MISS[\r][\n]"
19:50:48.832 [main] DEBUG org.apache.http.wire -  << "Strict-Transport-Security: max-age=31536000; preload[\r][\n]"
19:50:48.832 [main] DEBUG org.apache.http.wire -  << "Content-Encoding: gzip[\r][\n]"
19:50:48.832 [main] DEBUG org.apache.http.wire -  << "[\r][\n]"
19:50:48.832 [main] DEBUG org.apache.http.impl.conn.DefaultClientConnection - Receiving response: HTTP/1.1 403 Forbidden
19:50:48.832 [main] DEBUG org.apache.http.headers - << HTTP/1.1 403 Forbidden
19:50:48.832 [main] DEBUG org.apache.http.headers - << Date: Fri, 06 Aug 2021 22:50:47 GMT
19:50:48.832 [main] DEBUG org.apache.http.headers - << Content-Type: application/json
19:50:48.832 [main] DEBUG org.apache.http.headers - << Transfer-Encoding: chunked
19:50:48.832 [main] DEBUG org.apache.http.headers - << Connection: keep-alive
19:50:48.832 [main] DEBUG org.apache.http.headers - << Vary: Accept-Encoding
19:50:48.832 [main] DEBUG org.apache.http.headers - << Access-Control-Allow-Origin: *
19:50:48.832 [main] DEBUG org.apache.http.headers - << X-Cache: MISS
19:50:48.832 [main] DEBUG org.apache.http.headers - << Strict-Transport-Security: max-age=31536000; preload
19:50:48.832 [main] DEBUG org.apache.http.headers - << Content-Encoding: gzip
19:50:48.832 [main] DEBUG org.apache.http.impl.client.DefaultHttpClient - Connection can be kept alive indefinitely
19:50:48.832 [main] DEBUG io.restassured.internal.RequestSpecificationImpl$RestAssuredHttpBuilder - Parsing response as: application/json
19:50:48.832 [main] DEBUG org.apache.http.wire -  << "88[\r][\n]"
19:50:48.832 [main] DEBUG org.apache.http.wire -  << "[0x1f][0x8b][0x8][0x0][0x0][0x0][0x0][0x0][0x0][0x3][0xab][0xe6]RPPJ-*[0xca]/R[0xb2]R[0xa8][0x6]r[0x80][0xdc][0xe4][0xfc][0x94]T O[0xc9]1[0xc0]3[0xde][0xdb]52[0xde][0xd7]38[0xd8][0xd3][0xcf]]I[0x7]"[0x9d][0x9b]Z\[0x9c][0x98][0xe]V[0xe1][0x97][0xaf][0x90]X[0x90][0x19][0x9f][0x9d]Z[0xa9]P[0x9e]X[0xac]P\ZP[0x90][0x93][0x99][0x9a][0xa2][0xa7][0xe0][0x9e]Z[0xa2][0x90][0x9f][0x97][0xaa][0x90]X[0xa2][0x90]QRRPl[0xa5][0xaf][0xf]T[0xa8][0x97][0x97]X[0x9c][0xa8][0x97][0x9e]_febb[0xac][0x4]4[0xad][0x96][0xab][0x16][0x0]#;[0xb3]([0x81][0x0][0x0][0x0]"
19:50:48.832 [main] DEBUG org.apache.http.wire -  << "[\r][\n]"
19:50:48.832 [main] DEBUG org.apache.http.wire -  << "0[\r][\n]"
19:50:48.832 [main] DEBUG org.apache.http.wire -  << "[\r][\n]"
19:50:48.832 [main] DEBUG io.restassured.internal.RequestSpecificationImpl$RestAssuredHttpBuilder - Parsed data to instance of: class org.apache.http.conn.EofSensorInputStream
19:50:48.833 [main] DEBUG org.apache.http.impl.conn.BasicClientConnectionManager - Releasing connection org.apache.http.impl.conn.ManagedClientConnectionImpl@69e36fe3
19:50:48.833 [main] DEBUG org.apache.http.impl.conn.BasicClientConnectionManager - Connection can be kept alive indefinitely
19:50:48.844 [Finalizer] DEBUG org.apache.http.impl.conn.DefaultClientConnection - Connection 0.0.0.0:54994<->3.217.44.79:443 closed
&amp#27;[31mF&amp#27;[0m&amp#27;[36m-&amp#27;[0m&amp#27;[36m-&amp#27;[0m19:50:48.851 [main] DEBUG org.springframework.test.context.cache.DefaultCacheAwareContextLoaderDelegate - Retrieved ApplicationContext [583015088] from cache with key [[MergedContextConfiguration@2bd4780c testClass = CucumberTest, locations = '{}', classes = '{class core.ScenarioContext, class taf.cucumber.spring.Config}', contextInitializerClasses = '[]', activeProfiles = '{}', propertySourceLocations = '{}', propertySourceProperties = '{}', contextCustomizers = set[org.springframework.boot.test.context.filter.ExcludeFilterContextCustomizer@7997b197, org.springframework.boot.test.json.DuplicateJsonObjectContextCustomizerFactory$DuplicateJsonObjectContextCustomizer@55f3c410, org.springframework.boot.test.mock.mockito.MockitoContextCustomizer@0, org.springframework.boot.test.autoconfigure.actuate.metrics.MetricsExportContextCustomizerFactory$DisableMetricExportContextCustomizer@49f5c307, org.springframework.boot.test.autoconfigure.properties.PropertyMappingContextCustomizer@0, org.springframework.boot.test.autoconfigure.web.servlet.WebDriverContextCustomizerFactory$Customizer@64712be], contextLoader = 'org.springframework.test.context.support.DelegatingSmartContextLoader', parent = [null]]]
19:50:48.851 [main] DEBUG org.springframework.test.context.cache - Spring test ApplicationContext cache statistics: [DefaultContextCache@3062f9f4 size = 1, maxSize = 32, parentContextCount = 0, hitCount = 8, missCount = 1]
19:50:48.852 [main] DEBUG org.springframework.test.context.support.AbstractDirtiesContextTestExecutionListener - After test class: context [DefaultTestContext@395eb363 testClass = CucumberTest, testInstance = [null], testMethod = [null], testException = [null], mergedContextConfiguration = [MergedContextConfiguration@2bd4780c testClass = CucumberTest, locations = '{}', classes = '{class core.ScenarioContext, class taf.cucumber.spring.Config}', contextInitializerClasses = '[]', activeProfiles = '{}', propertySourceLocations = '{}', propertySourceProperties = '{}', contextCustomizers = set[org.springframework.boot.test.context.filter.ExcludeFilterContextCustomizer@7997b197, org.springframework.boot.test.json.DuplicateJsonObjectContextCustomizerFactory$DuplicateJsonObjectContextCustomizer@55f3c410, org.springframework.boot.test.mock.mockito.MockitoContextCustomizer@0, org.springframework.boot.test.autoconfigure.actuate.metrics.MetricsExportContextCustomizerFactory$DisableMetricExportContextCustomizer@49f5c307, org.springframework.boot.test.autoconfigure.properties.PropertyMappingContextCustomizer@0, org.springframework.boot.test.autoconfigure.web.servlet.WebDriverContextCustomizerFactory$Customizer@64712be], contextLoader = 'org.springframework.test.context.support.DelegatingSmartContextLoader', parent = [null]], attributes = map[[empty]]], class annotated with @DirtiesContext [false] with mode [null].
]]></system-out>
  </testcase>
  <testcase name="runScenario" classname="nasa.api.steps.CucumberTest" time="0.965">
    <failure message="Cannot read the array length because &quot;array&quot; is null" type="java.lang.NullPointerException">java.lang.NullPointerException: Cannot read the array length because "array" is null
</failure>
    <system-out><![CDATA[19:50:48.852 [main] DEBUG org.springframework.test.context.BootstrapUtils - Instantiating CacheAwareContextLoaderDelegate from class [org.springframework.test.context.cache.DefaultCacheAwareContextLoaderDelegate]
19:50:48.852 [main] DEBUG org.springframework.test.context.BootstrapUtils - Instantiating BootstrapContext using constructor [public org.springframework.test.context.support.DefaultBootstrapContext(java.lang.Class,org.springframework.test.context.CacheAwareContextLoaderDelegate)]
19:50:48.853 [main] DEBUG org.springframework.test.context.BootstrapUtils - Instantiating TestContextBootstrapper for test class [nasa.api.steps.CucumberTest] from class [org.springframework.test.context.support.DefaultTestContextBootstrapper]
19:50:48.854 [main] DEBUG org.springframework.test.context.support.AbstractDelegatingSmartContextLoader - Delegating to AnnotationConfigContextLoader to process context configuration [ContextConfigurationAttributes@77998ea7 declaringClass = 'nasa.api.steps.CucumberTest', classes = '{class core.ScenarioContext, class taf.cucumber.spring.Config}', locations = '{}', inheritLocations = true, initializers = '{}', inheritInitializers = true, name = [null], contextLoaderClass = 'org.springframework.test.context.ContextLoader'].
19:50:48.854 [main] DEBUG org.springframework.test.context.support.ActiveProfilesUtils - Could not find an 'annotation declaring class' for annotation type [org.springframework.test.context.ActiveProfiles] and class [nasa.api.steps.CucumberTest]
19:50:48.854 [main] DEBUG org.springframework.test.context.support.DefaultTestContextBootstrapper - @TestExecutionListeners is not present for class [nasa.api.steps.CucumberTest]: using defaults.
19:50:48.854 [main] INFO org.springframework.test.context.support.DefaultTestContextBootstrapper - Loaded default TestExecutionListener class names from location [META-INF/spring.factories]: [org.springframework.boot.test.mock.mockito.MockitoTestExecutionListener, org.springframework.boot.test.mock.mockito.ResetMocksTestExecutionListener, org.springframework.boot.test.autoconfigure.restdocs.RestDocsTestExecutionListener, org.springframework.boot.test.autoconfigure.web.client.MockRestServiceServerResetTestExecutionListener, org.springframework.boot.test.autoconfigure.web.servlet.MockMvcPrintOnlyOnFailureTestExecutionListener, org.springframework.boot.test.autoconfigure.web.servlet.WebDriverTestExecutionListener, org.springframework.boot.test.autoconfigure.webservices.client.MockWebServiceServerTestExecutionListener, org.springframework.test.context.web.ServletTestExecutionListener, org.springframework.test.context.support.DirtiesContextBeforeModesTestExecutionListener, org.springframework.test.context.event.ApplicationEventsTestExecutionListener, org.springframework.test.context.support.DependencyInjectionTestExecutionListener, org.springframework.test.context.support.DirtiesContextTestExecutionListener, org.springframework.test.context.transaction.TransactionalTestExecutionListener, org.springframework.test.context.jdbc.SqlScriptsTestExecutionListener, org.springframework.test.context.event.EventPublishingTestExecutionListener]
19:50:48.855 [main] DEBUG org.springframework.test.context.support.DefaultTestContextBootstrapper - Skipping candidate TestExecutionListener [org.springframework.test.context.web.ServletTestExecutionListener] due to a missing dependency. Specify custom listener classes or make the default listener classes and their required dependencies available. Offending class: [javax/servlet/ServletContext]
19:50:48.855 [main] DEBUG org.springframework.test.context.support.DefaultTestContextBootstrapper - Skipping candidate TestExecutionListener [org.springframework.test.context.transaction.TransactionalTestExecutionListener] due to a missing dependency. Specify custom listener classes or make the default listener classes and their required dependencies available. Offending class: [org/springframework/transaction/interceptor/TransactionAttributeSource]
19:50:48.855 [main] DEBUG org.springframework.test.context.support.DefaultTestContextBootstrapper - Skipping candidate TestExecutionListener [org.springframework.test.context.jdbc.SqlScriptsTestExecutionListener] due to a missing dependency. Specify custom listener classes or make the default listener classes and their required dependencies available. Offending class: [org/springframework/transaction/interceptor/TransactionAttribute]
19:50:48.855 [main] INFO org.springframework.test.context.support.DefaultTestContextBootstrapper - Using TestExecutionListeners: [org.springframework.test.context.support.DirtiesContextBeforeModesTestExecutionListener@252d8df6, org.springframework.test.context.event.ApplicationEventsTestExecutionListener@36638b59, org.springframework.boot.test.mock.mockito.MockitoTestExecutionListener@2f8f40cc, org.springframework.test.context.support.DependencyInjectionTestExecutionListener@14d81f2c, org.springframework.test.context.support.DirtiesContextTestExecutionListener@5dd3727c, org.springframework.test.context.event.EventPublishingTestExecutionListener@774013dc, org.springframework.boot.test.mock.mockito.ResetMocksTestExecutionListener@229cb4d8, org.springframework.boot.test.autoconfigure.restdocs.RestDocsTestExecutionListener@76e9eed8, org.springframework.boot.test.autoconfigure.web.client.MockRestServiceServerResetTestExecutionListener@30ef32eb, org.springframework.boot.test.autoconfigure.web.servlet.MockMvcPrintOnlyOnFailureTestExecutionListener@474619d9, org.springframework.boot.test.autoconfigure.web.servlet.WebDriverTestExecutionListener@bb5f9d, org.springframework.boot.test.autoconfigure.webservices.client.MockWebServiceServerTestExecutionListener@391dfe7c]
19:50:48.855 [main] DEBUG org.springframework.test.context.cache.DefaultCacheAwareContextLoaderDelegate - Retrieved ApplicationContext [583015088] from cache with key [[MergedContextConfiguration@702cfbde testClass = CucumberTest, locations = '{}', classes = '{class core.ScenarioContext, class taf.cucumber.spring.Config}', contextInitializerClasses = '[]', activeProfiles = '{}', propertySourceLocations = '{}', propertySourceProperties = '{}', contextCustomizers = set[org.springframework.boot.test.context.filter.ExcludeFilterContextCustomizer@7997b197, org.springframework.boot.test.json.DuplicateJsonObjectContextCustomizerFactory$DuplicateJsonObjectContextCustomizer@55f3c410, org.springframework.boot.test.mock.mockito.MockitoContextCustomizer@0, org.springframework.boot.test.autoconfigure.actuate.metrics.MetricsExportContextCustomizerFactory$DisableMetricExportContextCustomizer@49f5c307, org.springframework.boot.test.autoconfigure.properties.PropertyMappingContextCustomizer@0, org.springframework.boot.test.autoconfigure.web.servlet.WebDriverContextCustomizerFactory$Customizer@64712be], contextLoader = 'org.springframework.test.context.support.DelegatingSmartContextLoader', parent = [null]]]
19:50:48.855 [main] DEBUG org.springframework.test.context.cache - Spring test ApplicationContext cache statistics: [DefaultContextCache@3062f9f4 size = 1, maxSize = 32, parentContextCount = 0, hitCount = 9, missCount = 1]
19:50:48.855 [main] DEBUG org.springframework.beans.factory.support.DefaultListableBeanFactory - Replacing scope 'cucumber-glue' from [io.cucumber.spring.CucumberScenarioScope@2c154508] to [io.cucumber.spring.CucumberScenarioScope@7d3bcd3]
19:50:48.856 [main] DEBUG org.springframework.test.context.support.AbstractDirtiesContextTestExecutionListener - Before test class: context [DefaultTestContext@5dce5c03 testClass = CucumberTest, testInstance = [null], testMethod = [null], testException = [null], mergedContextConfiguration = [MergedContextConfiguration@702cfbde testClass = CucumberTest, locations = '{}', classes = '{class core.ScenarioContext, class taf.cucumber.spring.Config}', contextInitializerClasses = '[]', activeProfiles = '{}', propertySourceLocations = '{}', propertySourceProperties = '{}', contextCustomizers = set[org.springframework.boot.test.context.filter.ExcludeFilterContextCustomizer@7997b197, org.springframework.boot.test.json.DuplicateJsonObjectContextCustomizerFactory$DuplicateJsonObjectContextCustomizer@55f3c410, org.springframework.boot.test.mock.mockito.MockitoContextCustomizer@0, org.springframework.boot.test.autoconfigure.actuate.metrics.MetricsExportContextCustomizerFactory$DisableMetricExportContextCustomizer@49f5c307, org.springframework.boot.test.autoconfigure.properties.PropertyMappingContextCustomizer@0, org.springframework.boot.test.autoconfigure.web.servlet.WebDriverContextCustomizerFactory$Customizer@64712be], contextLoader = 'org.springframework.test.context.support.DelegatingSmartContextLoader', parent = [null]], attributes = map[[empty]]], class annotated with @DirtiesContext [false] with mode [null].
19:50:48.856 [main] DEBUG org.springframework.test.context.cache.DefaultCacheAwareContextLoaderDelegate - Retrieved ApplicationContext [583015088] from cache with key [[MergedContextConfiguration@702cfbde testClass = CucumberTest, locations = '{}', classes = '{class core.ScenarioContext, class taf.cucumber.spring.Config}', contextInitializerClasses = '[]', activeProfiles = '{}', propertySourceLocations = '{}', propertySourceProperties = '{}', contextCustomizers = set[org.springframework.boot.test.context.filter.ExcludeFilterContextCustomizer@7997b197, org.springframework.boot.test.json.DuplicateJsonObjectContextCustomizerFactory$DuplicateJsonObjectContextCustomizer@55f3c410, org.springframework.boot.test.mock.mockito.MockitoContextCustomizer@0, org.springframework.boot.test.autoconfigure.actuate.metrics.MetricsExportContextCustomizerFactory$DisableMetricExportContextCustomizer@49f5c307, org.springframework.boot.test.autoconfigure.properties.PropertyMappingContextCustomizer@0, org.springframework.boot.test.autoconfigure.web.servlet.WebDriverContextCustomizerFactory$Customizer@64712be], contextLoader = 'org.springframework.test.context.support.DelegatingSmartContextLoader', parent = [null]]]
19:50:48.856 [main] DEBUG org.springframework.test.context.cache - Spring test ApplicationContext cache statistics: [DefaultContextCache@3062f9f4 size = 1, maxSize = 32, parentContextCount = 0, hitCount = 10, missCount = 1]
19:50:48.859 [main] DEBUG org.springframework.core.env.PropertySourcesPropertyResolver - Found key 'url' in PropertySource 'configurationProperties' with value of type String
19:50:48.859 [main] DEBUG org.springframework.core.env.PropertySourcesPropertyResolver - Found key 'url' in PropertySource 'environmentProperties' with value of type String
19:50:48.859 [main] DEBUG org.springframework.core.env.PropertySourcesPropertyResolver - Found key 'url' in PropertySource 'configurationProperties' with value of type String
19:50:48.859 [main] DEBUG org.springframework.core.env.PropertySourcesPropertyResolver - Found key 'url' in PropertySource 'environmentProperties' with value of type String
19:50:48.873 [main] DEBUG org.apache.http.impl.conn.BasicClientConnectionManager - Get connection for route {s}->https://api.nasa.gov:443
19:50:48.873 [main] DEBUG org.apache.http.impl.conn.DefaultClientConnectionOperator - Connecting to api.nasa.gov:443
19:50:49.602 [main] DEBUG org.apache.http.client.protocol.RequestAddCookies - CookieSpec selected: ignoreCookies
19:50:49.603 [main] DEBUG org.apache.http.client.protocol.RequestAuthCache - Auth cache not set in the context
19:50:49.603 [main] DEBUG org.apache.http.client.protocol.RequestTargetAuthentication - Target auth state: UNCHALLENGED
19:50:49.603 [main] DEBUG org.apache.http.client.protocol.RequestProxyAuthentication - Proxy auth state: UNCHALLENGED
19:50:49.603 [main] DEBUG org.apache.http.impl.client.DefaultHttpClient - Attempt 1 to execute request
19:50:49.603 [main] DEBUG org.apache.http.impl.conn.DefaultClientConnection - Sending request: GET /mars-photos/api/v1/rovers/curiosity/photos?sol=1000&api_key HTTP/1.1
19:50:49.603 [main] DEBUG org.apache.http.wire -  >> "GET /mars-photos/api/v1/rovers/curiosity/photos?sol=1000&api_key HTTP/1.1[\r][\n]"
19:50:49.603 [main] DEBUG org.apache.http.wire -  >> "Accept: */*[\r][\n]"
19:50:49.603 [main] DEBUG org.apache.http.wire -  >> "Host: api.nasa.gov[\r][\n]"
19:50:49.604 [main] DEBUG org.apache.http.wire -  >> "Connection: Keep-Alive[\r][\n]"
19:50:49.604 [main] DEBUG org.apache.http.wire -  >> "User-Agent: Apache-HttpClient/4.5.3 (Java/15.0.2)[\r][\n]"
19:50:49.604 [main] DEBUG org.apache.http.wire -  >> "Accept-Encoding: gzip,deflate[\r][\n]"
19:50:49.604 [main] DEBUG org.apache.http.wire -  >> "[\r][\n]"
19:50:49.604 [main] DEBUG org.apache.http.headers - >> GET /mars-photos/api/v1/rovers/curiosity/photos?sol=1000&api_key HTTP/1.1
19:50:49.604 [main] DEBUG org.apache.http.headers - >> Accept: */*
19:50:49.604 [main] DEBUG org.apache.http.headers - >> Host: api.nasa.gov
19:50:49.604 [main] DEBUG org.apache.http.headers - >> Connection: Keep-Alive
19:50:49.604 [main] DEBUG org.apache.http.headers - >> User-Agent: Apache-HttpClient/4.5.3 (Java/15.0.2)
19:50:49.604 [main] DEBUG org.apache.http.headers - >> Accept-Encoding: gzip,deflate
19:50:49.798 [main] DEBUG org.apache.http.wire -  << "HTTP/1.1 403 Forbidden[\r][\n]"
19:50:49.798 [main] DEBUG org.apache.http.wire -  << "Date: Fri, 06 Aug 2021 22:50:48 GMT[\r][\n]"
19:50:49.798 [main] DEBUG org.apache.http.wire -  << "Content-Type: application/json[\r][\n]"
19:50:49.798 [main] DEBUG org.apache.http.wire -  << "Transfer-Encoding: chunked[\r][\n]"
19:50:49.798 [main] DEBUG org.apache.http.wire -  << "Connection: keep-alive[\r][\n]"
19:50:49.799 [main] DEBUG org.apache.http.wire -  << "Vary: Accept-Encoding[\r][\n]"
19:50:49.799 [main] DEBUG org.apache.http.wire -  << "Access-Control-Allow-Origin: *[\r][\n]"
19:50:49.799 [main] DEBUG org.apache.http.wire -  << "X-Cache: MISS[\r][\n]"
19:50:49.799 [main] DEBUG org.apache.http.wire -  << "Strict-Transport-Security: max-age=31536000; preload[\r][\n]"
19:50:49.799 [main] DEBUG org.apache.http.wire -  << "Content-Encoding: gzip[\r][\n]"
19:50:49.799 [main] DEBUG org.apache.http.wire -  << "[\r][\n]"
19:50:49.799 [main] DEBUG org.apache.http.impl.conn.DefaultClientConnection - Receiving response: HTTP/1.1 403 Forbidden
19:50:49.799 [main] DEBUG org.apache.http.headers - << HTTP/1.1 403 Forbidden
19:50:49.799 [main] DEBUG org.apache.http.headers - << Date: Fri, 06 Aug 2021 22:50:48 GMT
19:50:49.799 [main] DEBUG org.apache.http.headers - << Content-Type: application/json
19:50:49.799 [main] DEBUG org.apache.http.headers - << Transfer-Encoding: chunked
19:50:49.799 [main] DEBUG org.apache.http.headers - << Connection: keep-alive
19:50:49.799 [main] DEBUG org.apache.http.headers - << Vary: Accept-Encoding
19:50:49.799 [main] DEBUG org.apache.http.headers - << Access-Control-Allow-Origin: *
19:50:49.799 [main] DEBUG org.apache.http.headers - << X-Cache: MISS
19:50:49.800 [main] DEBUG org.apache.http.headers - << Strict-Transport-Security: max-age=31536000; preload
19:50:49.800 [main] DEBUG org.apache.http.headers - << Content-Encoding: gzip
19:50:49.800 [main] DEBUG org.apache.http.impl.client.DefaultHttpClient - Connection can be kept alive indefinitely
19:50:49.801 [main] DEBUG io.restassured.internal.RequestSpecificationImpl$RestAssuredHttpBuilder - Parsing response as: application/json
19:50:49.801 [main] DEBUG org.apache.http.wire -  << "88[\r][\n]"
19:50:49.801 [main] DEBUG org.apache.http.wire -  << "[0x1f][0x8b][0x8][0x0][0x0][0x0][0x0][0x0][0x0][0x3][0xab][0xe6]RPPJ-*[0xca]/R[0xb2]R[0xa8][0x6]r[0x80][0xdc][0xe4][0xfc][0x94]T O[0xc9]1[0xc0]3[0xde][0xdb]52[0xde][0xd7]38[0xd8][0xd3][0xcf]]I[0x7]"[0x9d][0x9b]Z\[0x9c][0x98][0xe]V[0xe1][0x97][0xaf][0x90]X[0x90][0x19][0x9f][0x9d]Z[0xa9]P[0x9e]X[0xac]P\ZP[0x90][0x93][0x99][0x9a][0xa2][0xa7][0xe0][0x9e]Z[0xa2][0x90][0x9f][0x97][0xaa][0x90]X[0xa2][0x90]QRRPl[0xa5][0xaf][0xf]T[0xa8][0x97][0x97]X[0x9c][0xa8][0x97][0x9e]_febb[0xac][0x4]4[0xad][0x96][0xab][0x16][0x0]#;[0xb3]([0x81][0x0][0x0][0x0]"
19:50:49.801 [main] DEBUG org.apache.http.wire -  << "[\r][\n]"
19:50:49.801 [main] DEBUG org.apache.http.wire -  << "0[\r][\n]"
19:50:49.801 [main] DEBUG org.apache.http.wire -  << "[\r][\n]"
19:50:49.801 [main] DEBUG io.restassured.internal.RequestSpecificationImpl$RestAssuredHttpBuilder - Parsed data to instance of: class org.apache.http.conn.EofSensorInputStream
19:50:49.802 [main] DEBUG org.apache.http.impl.conn.BasicClientConnectionManager - Releasing connection org.apache.http.impl.conn.ManagedClientConnectionImpl@2bc59ab7
19:50:49.802 [main] DEBUG org.apache.http.impl.conn.BasicClientConnectionManager - Connection can be kept alive indefinitely
&amp#27;[32m.&amp#27;[0m&amp#27;[31mF&amp#27;[0m19:50:49.818 [main] DEBUG org.springframework.test.context.cache.DefaultCacheAwareContextLoaderDelegate - Retrieved ApplicationContext [583015088] from cache with key [[MergedContextConfiguration@702cfbde testClass = CucumberTest, locations = '{}', classes = '{class core.ScenarioContext, class taf.cucumber.spring.Config}', contextInitializerClasses = '[]', activeProfiles = '{}', propertySourceLocations = '{}', propertySourceProperties = '{}', contextCustomizers = set[org.springframework.boot.test.context.filter.ExcludeFilterContextCustomizer@7997b197, org.springframework.boot.test.json.DuplicateJsonObjectContextCustomizerFactory$DuplicateJsonObjectContextCustomizer@55f3c410, org.springframework.boot.test.mock.mockito.MockitoContextCustomizer@0, org.springframework.boot.test.autoconfigure.actuate.metrics.MetricsExportContextCustomizerFactory$DisableMetricExportContextCustomizer@49f5c307, org.springframework.boot.test.autoconfigure.properties.PropertyMappingContextCustomizer@0, org.springframework.boot.test.autoconfigure.web.servlet.WebDriverContextCustomizerFactory$Customizer@64712be], contextLoader = 'org.springframework.test.context.support.DelegatingSmartContextLoader', parent = [null]]]
19:50:49.818 [main] DEBUG org.springframework.test.context.cache - Spring test ApplicationContext cache statistics: [DefaultContextCache@3062f9f4 size = 1, maxSize = 32, parentContextCount = 0, hitCount = 11, missCount = 1]
19:50:49.819 [main] DEBUG org.springframework.test.context.support.AbstractDirtiesContextTestExecutionListener - After test class: context [DefaultTestContext@5dce5c03 testClass = CucumberTest, testInstance = [null], testMethod = [null], testException = [null], mergedContextConfiguration = [MergedContextConfiguration@702cfbde testClass = CucumberTest, locations = '{}', classes = '{class core.ScenarioContext, class taf.cucumber.spring.Config}', contextInitializerClasses = '[]', activeProfiles = '{}', propertySourceLocations = '{}', propertySourceProperties = '{}', contextCustomizers = set[org.springframework.boot.test.context.filter.ExcludeFilterContextCustomizer@7997b197, org.springframework.boot.test.json.DuplicateJsonObjectContextCustomizerFactory$DuplicateJsonObjectContextCustomizer@55f3c410, org.springframework.boot.test.mock.mockito.MockitoContextCustomizer@0, org.springframework.boot.test.autoconfigure.actuate.metrics.MetricsExportContextCustomizerFactory$DisableMetricExportContextCustomizer@49f5c307, org.springframework.boot.test.autoconfigure.properties.PropertyMappingContextCustomizer@0, org.springframework.boot.test.autoconfigure.web.servlet.WebDriverContextCustomizerFactory$Customizer@64712be], contextLoader = 'org.springframework.test.context.support.DelegatingSmartContextLoader', parent = [null]], attributes = map[[empty]]], class annotated with @DirtiesContext [false] with mode [null].
]]></system-out>
  </testcase>
</testsuite>